mode: set
github.com/go-diskimages/diskimage/create.go:84.39,85.21 1 0
github.com/go-diskimages/diskimage/create.go:85.21,87.3 1 0
github.com/go-diskimages/diskimage/create.go:88.2,88.25 1 0
github.com/go-diskimages/diskimage/create.go:88.25,90.3 1 0
github.com/go-diskimages/diskimage/create.go:91.2,91.23 1 0
github.com/go-diskimages/diskimage/create.go:91.23,93.3 1 0
github.com/go-diskimages/diskimage/create.go:94.2,94.26 1 0
github.com/go-diskimages/diskimage/create.go:94.26,96.3 1 0
github.com/go-diskimages/diskimage/create.go:97.2,97.27 1 0
github.com/go-diskimages/diskimage/create.go:97.27,99.3 1 0
github.com/go-diskimages/diskimage/create.go:103.2,103.87 1 0
github.com/go-diskimages/diskimage/create.go:103.87,108.17 4 0
github.com/go-diskimages/diskimage/create.go:108.17,110.4 1 0
github.com/go-diskimages/diskimage/create.go:111.3,113.17 3 0
github.com/go-diskimages/diskimage/create.go:113.17,115.4 1 0
github.com/go-diskimages/diskimage/create.go:116.3,118.17 3 0
github.com/go-diskimages/diskimage/create.go:118.17,120.4 1 0
github.com/go-diskimages/diskimage/create.go:121.3,121.13 1 0
github.com/go-diskimages/diskimage/create.go:124.2,124.21 1 0
github.com/go-diskimages/diskimage/create.go:125.17,126.25 1 0
github.com/go-diskimages/diskimage/create.go:127.17,130.41 1 0
github.com/go-diskimages/diskimage/create.go:130.41,132.4 1 0
github.com/go-diskimages/diskimage/create.go:133.3,133.34 1 0
github.com/go-diskimages/diskimage/create.go:134.10,135.99 1 0
github.com/go-diskimages/diskimage/create.go:141.42,147.16 4 0
github.com/go-diskimages/diskimage/create.go:147.16,149.3 1 0
github.com/go-diskimages/diskimage/create.go:150.2,150.51 1 0
github.com/go-diskimages/diskimage/create.go:150.51,154.3 3 0
github.com/go-diskimages/diskimage/create.go:155.2,159.24 3 0
github.com/go-diskimages/diskimage/create.go:160.20,162.28 2 0
github.com/go-diskimages/diskimage/create.go:164.15,167.20 3 0
github.com/go-diskimages/diskimage/create.go:167.20,169.4 1 0
github.com/go-diskimages/diskimage/create.go:170.3,170.91 1 0
github.com/go-diskimages/diskimage/create.go:170.91,172.4 1 0
github.com/go-diskimages/diskimage/create.go:174.15,178.20 3 0
github.com/go-diskimages/diskimage/create.go:178.20,180.4 1 0
github.com/go-diskimages/diskimage/create.go:181.3,181.95 1 0
github.com/go-diskimages/diskimage/create.go:181.95,183.4 1 0
github.com/go-diskimages/diskimage/create.go:185.10,186.116 1 0
github.com/go-diskimages/diskimage/create.go:189.2,189.56 1 0
github.com/go-diskimages/diskimage/create.go:189.56,191.3 1 0
github.com/go-diskimages/diskimage/create.go:193.2,193.89 1 0
github.com/go-diskimages/diskimage/create.go:199.108,203.21 1 0
github.com/go-diskimages/diskimage/create.go:203.21,205.3 1 0
github.com/go-diskimages/diskimage/create.go:208.2,209.16 2 0
github.com/go-diskimages/diskimage/create.go:209.16,211.3 1 0
github.com/go-diskimages/diskimage/create.go:212.2,216.71 4 0
github.com/go-diskimages/diskimage/create.go:216.71,218.3 1 0
github.com/go-diskimages/diskimage/create.go:220.2,221.16 2 0
github.com/go-diskimages/diskimage/create.go:221.16,223.3 1 0
github.com/go-diskimages/diskimage/create.go:224.2,227.16 3 0
github.com/go-diskimages/diskimage/create.go:227.16,229.3 1 0
github.com/go-diskimages/diskimage/create.go:230.2,232.62 2 0
github.com/go-diskimages/diskimage/create.go:232.62,234.3 1 0
github.com/go-diskimages/diskimage/create.go:235.2,235.45 1 0
github.com/go-diskimages/diskimage/create.go:235.45,237.3 1 0
github.com/go-diskimages/diskimage/create.go:238.2,238.12 1 0
github.com/go-diskimages/diskimage/create.go:242.92,243.12 1 0
github.com/go-diskimages/diskimage/create.go:244.14,246.13 2 0
github.com/go-diskimages/diskimage/create.go:247.15,249.13 2 0
github.com/go-diskimages/diskimage/create.go:250.15,252.13 2 0
github.com/go-diskimages/diskimage/create.go:253.13,255.13 2 0
github.com/go-diskimages/diskimage/create.go:256.13,258.21 2 0
github.com/go-diskimages/diskimage/create.go:258.21,260.4 1 0
github.com/go-diskimages/diskimage/create.go:261.3,262.13 2 0
github.com/go-diskimages/diskimage/create.go:263.15,265.13 2 0
github.com/go-diskimages/diskimage/create.go:266.14,268.13 2 0
github.com/go-diskimages/diskimage/create.go:269.14,271.13 2 0
github.com/go-diskimages/diskimage/create.go:272.10,273.98 1 0
github.com/go-diskimages/diskimage/create.go:278.38,278.60 1 0
github.com/go-diskimages/diskimage/create.go:281.42,282.12 1 0
github.com/go-diskimages/diskimage/create.go:283.15,284.14 1 0
github.com/go-diskimages/diskimage/create.go:285.15,286.14 1 0
github.com/go-diskimages/diskimage/create.go:287.10,288.14 1 0
github.com/go-diskimages/diskimage/create.go:294.50,295.12 1 0
github.com/go-diskimages/diskimage/create.go:296.24,304.4 1 0
github.com/go-diskimages/diskimage/create.go:305.10,313.4 1 0
github.com/go-diskimages/diskimage/detect.go:15.80,17.16 2 0
github.com/go-diskimages/diskimage/detect.go:17.16,19.3 1 0
github.com/go-diskimages/diskimage/detect.go:20.2,24.66 2 0
github.com/go-diskimages/diskimage/detect.go:24.66,28.17 3 0
github.com/go-diskimages/diskimage/detect.go:28.17,30.4 1 0
github.com/go-diskimages/diskimage/detect.go:31.3,31.42 1 0
github.com/go-diskimages/diskimage/detect.go:34.2,35.16 2 0
github.com/go-diskimages/diskimage/detect.go:35.16,37.3 1 0
github.com/go-diskimages/diskimage/detect.go:39.2,39.34 1 0
github.com/go-diskimages/diskimage/detect.go:44.71,48.57 2 0
github.com/go-diskimages/diskimage/detect.go:48.57,49.41 1 0
github.com/go-diskimages/diskimage/detect.go:49.41,51.4 1 0
github.com/go-diskimages/diskimage/detect.go:55.2,56.54 2 0
github.com/go-diskimages/diskimage/detect.go:56.54,57.55 1 0
github.com/go-diskimages/diskimage/detect.go:57.55,59.4 1 0
github.com/go-diskimages/diskimage/detect.go:63.2,64.53 2 0
github.com/go-diskimages/diskimage/detect.go:64.53,65.35 1 0
github.com/go-diskimages/diskimage/detect.go:65.35,67.4 1 0
github.com/go-diskimages/diskimage/detect.go:71.2,72.56 2 0
github.com/go-diskimages/diskimage/detect.go:72.56,73.57 1 0
github.com/go-diskimages/diskimage/detect.go:73.57,75.4 1 0
github.com/go-diskimages/diskimage/detect.go:79.2,80.62 2 0
github.com/go-diskimages/diskimage/detect.go:80.62,81.57 1 0
github.com/go-diskimages/diskimage/detect.go:81.57,83.4 1 0
github.com/go-diskimages/diskimage/detect.go:88.2,91.44 3 0
github.com/go-diskimages/diskimage/detect.go:91.44,93.37 1 0
github.com/go-diskimages/diskimage/detect.go:93.37,95.4 1 0
github.com/go-diskimages/diskimage/detect.go:100.2,101.66 2 0
github.com/go-diskimages/diskimage/detect.go:101.66,102.70 1 0
github.com/go-diskimages/diskimage/detect.go:102.70,104.4 1 0
github.com/go-diskimages/diskimage/detect.go:109.2,110.65 2 0
github.com/go-diskimages/diskimage/detect.go:110.65,112.22 2 0
github.com/go-diskimages/diskimage/detect.go:112.22,114.4 1 0
github.com/go-diskimages/diskimage/detect.go:115.3,116.22 2 0
github.com/go-diskimages/diskimage/detect.go:116.22,118.4 1 0
github.com/go-diskimages/diskimage/detect.go:121.2,121.65 1 0
github.com/go-diskimages/diskimage/detect.go:136.66,138.2 1 0
github.com/go-diskimages/diskimage/detect.go:144.65,147.81 2 0
github.com/go-diskimages/diskimage/detect.go:147.81,149.3 1 0
github.com/go-diskimages/diskimage/detect.go:151.2,153.40 2 0
github.com/go-diskimages/diskimage/detect.go:153.40,157.28 2 0
github.com/go-diskimages/diskimage/detect.go:157.28,159.4 1 0
github.com/go-diskimages/diskimage/detect.go:163.2,163.15 1 0
github.com/go-diskimages/diskimage/detect.go:166.64,168.46 2 0
github.com/go-diskimages/diskimage/detect.go:168.46,170.3 1 0
github.com/go-diskimages/diskimage/detect.go:171.2,174.21 4 0
github.com/go-diskimages/diskimage/detect.go:174.21,176.3 1 0
github.com/go-diskimages/diskimage/detect.go:177.2,179.40 3 0
github.com/go-diskimages/diskimage/detect.go:179.40,180.78 1 0
github.com/go-diskimages/diskimage/detect.go:180.78,181.9 1 0
github.com/go-diskimages/diskimage/detect.go:183.3,185.31 3 0
github.com/go-diskimages/diskimage/detect.go:185.31,186.12 1 0
github.com/go-diskimages/diskimage/detect.go:188.3,188.26 1 0
github.com/go-diskimages/diskimage/detect.go:188.26,191.4 2 0
github.com/go-diskimages/diskimage/detect.go:193.2,193.69 1 0
github.com/go-diskimages/diskimage/detect.go:196.64,198.48 2 0
github.com/go-diskimages/diskimage/detect.go:198.48,200.3 1 0
github.com/go-diskimages/diskimage/detect.go:201.2,201.25 1 0
github.com/go-diskimages/diskimage/detect.go:201.25,204.20 3 0
github.com/go-diskimages/diskimage/detect.go:204.20,205.12 1 0
github.com/go-diskimages/diskimage/detect.go:207.3,207.21 1 0
github.com/go-diskimages/diskimage/detect.go:207.21,209.4 1 0
github.com/go-diskimages/diskimage/detect.go:211.2,211.69 1 0
github.com/go-diskimages/diskimage/dmg_ops.go:16.55,17.16 1 0
github.com/go-diskimages/diskimage/dmg_ops.go:17.16,19.3 1 0
github.com/go-diskimages/diskimage/dmg_ops.go:20.2,20.30 1 0
github.com/go-diskimages/diskimage/dmg_ops.go:20.30,22.3 1 0
github.com/go-diskimages/diskimage/dmg_ops.go:25.2,25.59 1 0
github.com/go-diskimages/diskimage/dmg_ops.go:25.59,30.72 4 0
github.com/go-diskimages/diskimage/dmg_ops.go:30.72,32.4 1 0
github.com/go-diskimages/diskimage/dmg_ops.go:35.3,38.32 4 0
github.com/go-diskimages/diskimage/dmg_ops.go:38.32,39.40 1 0
github.com/go-diskimages/diskimage/dmg_ops.go:39.40,41.10 2 0
github.com/go-diskimages/diskimage/dmg_ops.go:44.3,44.18 1 0
github.com/go-diskimages/diskimage/dmg_ops.go:44.18,47.30 2 0
github.com/go-diskimages/diskimage/dmg_ops.go:47.30,48.34 1 0
github.com/go-diskimages/diskimage/dmg_ops.go:48.35,50.6 0 0
github.com/go-diskimages/diskimage/dmg_ops.go:51.5,51.67 1 0
github.com/go-diskimages/diskimage/dmg_ops.go:51.67,53.11 2 0
github.com/go-diskimages/diskimage/dmg_ops.go:57.3,57.18 1 0
github.com/go-diskimages/diskimage/dmg_ops.go:57.18,59.4 1 0
github.com/go-diskimages/diskimage/dmg_ops.go:60.3,60.48 1 0
github.com/go-diskimages/diskimage/dmg_ops.go:60.48,62.4 1 0
github.com/go-diskimages/diskimage/dmg_ops.go:63.3,63.13 1 0
github.com/go-diskimages/diskimage/dmg_ops.go:67.2,67.43 1 0
github.com/go-diskimages/diskimage/dmg_ops.go:67.43,69.17 2 0
github.com/go-diskimages/diskimage/dmg_ops.go:69.17,71.4 1 0
github.com/go-diskimages/diskimage/dmg_ops.go:72.3,75.73 4 0
github.com/go-diskimages/diskimage/dmg_ops.go:75.73,77.4 1 0
github.com/go-diskimages/diskimage/dmg_ops.go:78.3,78.49 1 0
github.com/go-diskimages/diskimage/dmg_ops.go:78.49,80.4 1 0
github.com/go-diskimages/diskimage/dmg_ops.go:81.3,81.13 1 0
github.com/go-diskimages/diskimage/dmg_ops.go:84.2,84.95 1 0
github.com/go-diskimages/diskimage/dmg_ops.go:92.57,93.16 1 0
github.com/go-diskimages/diskimage/dmg_ops.go:93.16,95.3 1 0
github.com/go-diskimages/diskimage/dmg_ops.go:96.2,96.23 1 0
github.com/go-diskimages/diskimage/dmg_ops.go:96.23,98.3 1 0
github.com/go-diskimages/diskimage/dmg_ops.go:101.2,101.30 1 0
github.com/go-diskimages/diskimage/dmg_ops.go:101.30,102.60 1 0
github.com/go-diskimages/diskimage/dmg_ops.go:102.60,103.19 1 0
github.com/go-diskimages/diskimage/dmg_ops.go:103.19,105.5 1 0
github.com/go-diskimages/diskimage/dmg_ops.go:106.4,106.19 1 0
github.com/go-diskimages/diskimage/dmg_ops.go:106.19,108.5 1 0
github.com/go-diskimages/diskimage/dmg_ops.go:113.2,113.43 1 0
github.com/go-diskimages/diskimage/dmg_ops.go:113.43,115.17 2 0
github.com/go-diskimages/diskimage/dmg_ops.go:115.17,117.4 1 0
github.com/go-diskimages/diskimage/dmg_ops.go:118.3,119.49 2 0
github.com/go-diskimages/diskimage/dmg_ops.go:119.49,121.4 1 0
github.com/go-diskimages/diskimage/dmg_ops.go:122.3,122.58 1 0
github.com/go-diskimages/diskimage/dmg_ops.go:122.58,124.4 1 0
github.com/go-diskimages/diskimage/dmg_ops.go:125.3,125.13 1 0
github.com/go-diskimages/diskimage/dmg_ops.go:129.2,129.33 1 0
github.com/go-diskimages/diskimage/fileops.go:43.36,45.77 2 0
github.com/go-diskimages/diskimage/fileops.go:45.77,46.17 1 0
github.com/go-diskimages/diskimage/fileops.go:46.17,48.4 1 0
github.com/go-diskimages/diskimage/fileops.go:49.3,49.17 1 0
github.com/go-diskimages/diskimage/fileops.go:51.2,52.12 2 0
github.com/go-diskimages/diskimage/fileops.go:56.121,57.38 1 0
github.com/go-diskimages/diskimage/fileops.go:57.38,59.17 2 0
github.com/go-diskimages/diskimage/fileops.go:59.17,61.4 1 0
github.com/go-diskimages/diskimage/fileops.go:62.3,62.20 1 0
github.com/go-diskimages/diskimage/fileops.go:68.2,69.11 2 0
github.com/go-diskimages/diskimage/fileops.go:69.11,71.17 2 0
github.com/go-diskimages/diskimage/fileops.go:71.17,73.4 1 0
github.com/go-diskimages/diskimage/fileops.go:75.3,75.64 1 0
github.com/go-diskimages/diskimage/fileops.go:75.64,77.4 1 0
github.com/go-diskimages/diskimage/fileops.go:79.3,79.17 1 0
github.com/go-diskimages/diskimage/fileops.go:80.15,82.18 2 0
github.com/go-diskimages/diskimage/fileops.go:82.18,84.5 1 0
github.com/go-diskimages/diskimage/fileops.go:85.4,85.24 1 0
github.com/go-diskimages/diskimage/fileops.go:86.16,88.18 2 0
github.com/go-diskimages/diskimage/fileops.go:88.18,90.5 1 0
github.com/go-diskimages/diskimage/fileops.go:91.4,91.24 1 0
github.com/go-diskimages/diskimage/fileops.go:92.16,94.18 2 0
github.com/go-diskimages/diskimage/fileops.go:94.18,96.5 1 0
github.com/go-diskimages/diskimage/fileops.go:97.4,97.24 1 0
github.com/go-diskimages/diskimage/fileops.go:98.16,100.18 2 0
github.com/go-diskimages/diskimage/fileops.go:100.18,102.5 1 0
github.com/go-diskimages/diskimage/fileops.go:103.4,103.24 1 0
github.com/go-diskimages/diskimage/fileops.go:104.15,106.18 2 0
github.com/go-diskimages/diskimage/fileops.go:106.18,108.5 1 0
github.com/go-diskimages/diskimage/fileops.go:109.4,109.24 1 0
github.com/go-diskimages/diskimage/fileops.go:111.15,114.27 3 0
github.com/go-diskimages/diskimage/fileops.go:114.27,116.5 1 0
github.com/go-diskimages/diskimage/fileops.go:116.10,118.5 1 0
github.com/go-diskimages/diskimage/fileops.go:119.4,119.18 1 0
github.com/go-diskimages/diskimage/fileops.go:119.18,121.5 1 0
github.com/go-diskimages/diskimage/fileops.go:122.4,122.24 1 0
github.com/go-diskimages/diskimage/fileops.go:123.11,124.63 1 0
github.com/go-diskimages/diskimage/fileops.go:128.2,128.16 1 0
github.com/go-diskimages/diskimage/fileops.go:129.14,130.52 1 0
github.com/go-diskimages/diskimage/fileops.go:131.15,132.53 1 0
github.com/go-diskimages/diskimage/fileops.go:133.15,134.53 1 0
github.com/go-diskimages/diskimage/fileops.go:135.13,136.51 1 0
github.com/go-diskimages/diskimage/fileops.go:137.13,138.51 1 0
github.com/go-diskimages/diskimage/fileops.go:139.15,140.53 1 0
github.com/go-diskimages/diskimage/fileops.go:141.14,142.52 1 0
github.com/go-diskimages/diskimage/fileops.go:143.14,144.26 1 0
github.com/go-diskimages/diskimage/fileops.go:144.26,146.4 1 0
github.com/go-diskimages/diskimage/fileops.go:147.3,147.52 1 0
github.com/go-diskimages/diskimage/fileops.go:148.10,149.62 1 0
github.com/go-diskimages/diskimage/fileops.go:154.49,155.21 1 0
github.com/go-diskimages/diskimage/fileops.go:155.21,157.3 1 0
github.com/go-diskimages/diskimage/fileops.go:158.2,159.16 2 0
github.com/go-diskimages/diskimage/fileops.go:159.16,161.3 1 0
github.com/go-diskimages/diskimage/fileops.go:162.2,163.35 2 0
github.com/go-diskimages/diskimage/fileops.go:168.71,169.21 1 0
github.com/go-diskimages/diskimage/fileops.go:169.21,171.3 1 0
github.com/go-diskimages/diskimage/fileops.go:172.2,173.16 2 0
github.com/go-diskimages/diskimage/fileops.go:173.16,175.3 1 0
github.com/go-diskimages/diskimage/fileops.go:176.2,178.64 2 0
github.com/go-diskimages/diskimage/fileops.go:178.64,180.3 1 0
github.com/go-diskimages/diskimage/fileops.go:183.2,183.60 1 0
github.com/go-diskimages/diskimage/fileops.go:183.60,185.3 1 0
github.com/go-diskimages/diskimage/fileops.go:186.2,186.64 1 0
github.com/go-diskimages/diskimage/fileops.go:186.64,188.3 1 0
github.com/go-diskimages/diskimage/fileops.go:189.2,189.12 1 0
github.com/go-diskimages/diskimage/fileops.go:193.72,195.43 2 0
github.com/go-diskimages/diskimage/fileops.go:195.43,197.3 1 0
github.com/go-diskimages/diskimage/fileops.go:198.2,200.26 3 0
github.com/go-diskimages/diskimage/fileops.go:200.26,202.41 2 0
github.com/go-diskimages/diskimage/fileops.go:202.41,203.12 1 0
github.com/go-diskimages/diskimage/fileops.go:205.3,205.46 1 0
github.com/go-diskimages/diskimage/fileops.go:205.46,207.44 1 0
github.com/go-diskimages/diskimage/fileops.go:207.44,208.13 1 0
github.com/go-diskimages/diskimage/fileops.go:210.4,210.14 1 0
github.com/go-diskimages/diskimage/fileops.go:213.2,213.12 1 0
github.com/go-diskimages/diskimage/fileops.go:217.54,218.21 1 0
github.com/go-diskimages/diskimage/fileops.go:218.21,220.3 1 0
github.com/go-diskimages/diskimage/fileops.go:221.2,222.16 2 0
github.com/go-diskimages/diskimage/fileops.go:222.16,224.3 1 0
github.com/go-diskimages/diskimage/fileops.go:225.2,226.38 2 0
github.com/go-diskimages/diskimage/fileops.go:230.41,231.21 1 0
github.com/go-diskimages/diskimage/fileops.go:231.21,233.3 1 0
github.com/go-diskimages/diskimage/fileops.go:234.2,235.16 2 0
github.com/go-diskimages/diskimage/fileops.go:235.16,237.3 1 0
github.com/go-diskimages/diskimage/fileops.go:238.2,239.37 2 0
github.com/go-diskimages/diskimage/fileops.go:243.40,244.21 1 0
github.com/go-diskimages/diskimage/fileops.go:244.21,246.3 1 0
github.com/go-diskimages/diskimage/fileops.go:247.2,248.16 2 0
github.com/go-diskimages/diskimage/fileops.go:248.16,250.3 1 0
github.com/go-diskimages/diskimage/fileops.go:251.2,252.36 2 0
github.com/go-diskimages/diskimage/fileops.go:256.53,257.21 1 0
github.com/go-diskimages/diskimage/fileops.go:257.21,259.3 1 0
github.com/go-diskimages/diskimage/fileops.go:260.2,261.16 2 0
github.com/go-diskimages/diskimage/fileops.go:261.16,263.3 1 0
github.com/go-diskimages/diskimage/fileops.go:264.2,265.42 2 0
github.com/go-diskimages/diskimage/fileops.go:269.54,270.21 1 0
github.com/go-diskimages/diskimage/fileops.go:270.21,272.3 1 0
github.com/go-diskimages/diskimage/fileops.go:273.2,274.16 2 0
github.com/go-diskimages/diskimage/fileops.go:274.16,276.3 1 0
github.com/go-diskimages/diskimage/fileops.go:277.2,278.31 2 0
github.com/go-diskimages/diskimage/grow.go:10.47,11.16 1 0
github.com/go-diskimages/diskimage/grow.go:11.16,13.3 1 0
github.com/go-diskimages/diskimage/grow.go:14.2,14.20 1 0
github.com/go-diskimages/diskimage/grow.go:14.20,16.3 1 0
github.com/go-diskimages/diskimage/grow.go:17.2,18.16 2 0
github.com/go-diskimages/diskimage/grow.go:18.16,20.3 1 0
github.com/go-diskimages/diskimage/grow.go:21.2,22.46 2 0
github.com/go-diskimages/diskimage/grow.go:22.46,24.3 1 0
github.com/go-diskimages/diskimage/grow.go:25.2,25.12 1 0
github.com/go-diskimages/diskimage/list.go:53.50,54.24 1 0
github.com/go-diskimages/diskimage/list.go:54.24,56.3 1 0
github.com/go-diskimages/diskimage/list.go:57.2,57.56 1 0
github.com/go-diskimages/diskimage/list.go:57.56,59.17 2 0
github.com/go-diskimages/diskimage/list.go:59.17,61.4 1 0
github.com/go-diskimages/diskimage/list.go:62.3,62.29 1 0
github.com/go-diskimages/diskimage/list.go:65.2,68.25 3 0
github.com/go-diskimages/diskimage/list.go:69.14,70.61 1 0
github.com/go-diskimages/diskimage/list.go:71.15,72.62 1 0
github.com/go-diskimages/diskimage/list.go:73.15,74.62 1 0
github.com/go-diskimages/diskimage/list.go:75.13,76.60 1 0
github.com/go-diskimages/diskimage/list.go:77.13,78.60 1 0
github.com/go-diskimages/diskimage/list.go:79.15,80.62 1 0
github.com/go-diskimages/diskimage/list.go:81.14,82.61 1 0
github.com/go-diskimages/diskimage/list.go:83.14,84.31 1 0
github.com/go-diskimages/diskimage/list.go:84.31,86.4 1 0
github.com/go-diskimages/diskimage/list.go:86.9,88.4 1 0
github.com/go-diskimages/diskimage/list.go:89.10,90.71 1 0
github.com/go-diskimages/diskimage/list.go:92.2,92.16 1 0
github.com/go-diskimages/diskimage/list.go:92.16,94.3 1 0
github.com/go-diskimages/diskimage/list.go:95.2,98.16 3 0
github.com/go-diskimages/diskimage/list.go:98.16,100.3 1 0
github.com/go-diskimages/diskimage/list.go:101.2,102.24 2 0
github.com/go-diskimages/diskimage/list.go:102.24,104.21 2 0
github.com/go-diskimages/diskimage/list.go:104.21,105.74 1 0
github.com/go-diskimages/diskimage/list.go:105.74,109.5 3 0
github.com/go-diskimages/diskimage/list.go:112.2,112.21 1 0
github.com/go-diskimages/diskimage/partitions.go:21.66,25.42 3 0
github.com/go-diskimages/diskimage/partitions.go:25.42,27.3 1 0
github.com/go-diskimages/diskimage/partitions.go:28.2,52.16 17 0
github.com/go-diskimages/diskimage/partitions.go:52.16,54.3 1 0
github.com/go-diskimages/diskimage/partitions.go:55.2,56.45 2 0
github.com/go-diskimages/diskimage/partitions.go:56.45,58.3 1 0
github.com/go-diskimages/diskimage/partitions.go:59.2,59.12 1 0
github.com/go-diskimages/diskimage/partitions.go:65.74,98.73 16 0
github.com/go-diskimages/diskimage/partitions.go:98.73,118.3 16 0
github.com/go-diskimages/diskimage/partitions.go:120.2,133.21 12 0
github.com/go-diskimages/diskimage/partitions.go:133.21,135.3 1 0
github.com/go-diskimages/diskimage/partitions.go:136.2,142.16 5 0
github.com/go-diskimages/diskimage/partitions.go:142.16,144.3 1 0
github.com/go-diskimages/diskimage/partitions.go:145.2,158.27 4 0
github.com/go-diskimages/diskimage/partitions.go:158.27,159.56 1 0
github.com/go-diskimages/diskimage/partitions.go:159.56,161.4 1 0
github.com/go-diskimages/diskimage/partitions.go:163.2,163.12 1 0
github.com/go-diskimages/diskimage/partitions.go:168.28,183.2 9 0
github.com/go-diskimages/diskimage/uefi.go:26.79,28.2 1 1
