mode: atomic
github.com/go-diskimages/diskimage/cmd/diskimage/grow/grow.go:18.31,29.55 2 0
github.com/go-diskimages/diskimage/cmd/diskimage/grow/grow.go:29.55,31.18 2 0
github.com/go-diskimages/diskimage/cmd/diskimage/grow/grow.go:31.18,33.5 1 0
github.com/go-diskimages/diskimage/cmd/diskimage/grow/grow.go:34.4,34.18 1 0
github.com/go-diskimages/diskimage/cmd/diskimage/grow/grow.go:34.18,36.5 1 0
github.com/go-diskimages/diskimage/cmd/diskimage/grow/grow.go:37.4,37.52 1 0
github.com/go-diskimages/diskimage/cmd/diskimage/grow/grow.go:37.52,39.5 1 0
github.com/go-diskimages/diskimage/cmd/diskimage/grow/grow.go:40.4,41.14 2 0
github.com/go-diskimages/diskimage/cmd/diskimage/grow/grow.go:45.2,49.12 5 0
github.com/go-diskimages/diskimage/cmd/diskimage/grow/grow.go:53.41,55.13 2 0
github.com/go-diskimages/diskimage/cmd/diskimage/grow/grow.go:55.13,57.3 1 0
github.com/go-diskimages/diskimage/cmd/diskimage/grow/grow.go:58.2,68.26 4 0
github.com/go-diskimages/diskimage/cmd/diskimage/grow/grow.go:68.26,70.3 1 0
github.com/go-diskimages/diskimage/cmd/diskimage/grow/grow.go:71.2,71.33 1 0
github.com/go-diskimages/diskimage/cmd/diskimage/grow/grow.go:71.33,72.59 1 0
github.com/go-diskimages/diskimage/cmd/diskimage/grow/grow.go:72.59,74.4 1 0
github.com/go-diskimages/diskimage/cmd/diskimage/grow/grow.go:76.2,76.27 1 0
github.com/go-diskimages/diskimage/cmd/diskimage/grow/grow.go:76.27,77.36 1 0
github.com/go-diskimages/diskimage/cmd/diskimage/grow/grow.go:77.36,80.18 3 0
github.com/go-diskimages/diskimage/cmd/diskimage/grow/grow.go:80.18,82.5 1 0
github.com/go-diskimages/diskimage/cmd/diskimage/grow/grow.go:83.4,83.14 1 0
github.com/go-diskimages/diskimage/cmd/diskimage/grow/grow.go:83.14,85.5 1 0
github.com/go-diskimages/diskimage/cmd/diskimage/grow/grow.go:86.4,86.33 1 0
github.com/go-diskimages/diskimage/cmd/diskimage/grow/grow.go:89.2,90.16 2 0
github.com/go-diskimages/diskimage/cmd/diskimage/grow/grow.go:90.16,92.3 1 0
github.com/go-diskimages/diskimage/cmd/diskimage/grow/grow.go:93.2,93.12 1 0
github.com/go-diskimages/diskimage/cmd/diskimage/grow/grow.go:93.12,95.3 1 0
github.com/go-diskimages/diskimage/cmd/diskimage/grow/grow.go:96.2,96.15 1 0
github.com/go-diskimages/diskimage/cmd/diskimage/grow/grow.go:100.32,107.9 2 0
github.com/go-diskimages/diskimage/cmd/diskimage/grow/grow.go:108.30,109.37 1 0
github.com/go-diskimages/diskimage/cmd/diskimage/grow/grow.go:110.30,111.37 1 0
github.com/go-diskimages/diskimage/cmd/diskimage/grow/grow.go:112.30,113.37 1 0
github.com/go-diskimages/diskimage/cmd/diskimage/grow/grow.go:114.30,115.37 1 0
github.com/go-diskimages/diskimage/cmd/diskimage/grow/grow.go:116.10,117.31 1 0
github.com/go-diskimages/diskimage/cmd/diskimage/create/create.go:14.31,31.2 6 13
github.com/go-diskimages/diskimage/cmd/diskimage/create/create.go:35.93,43.2 7 26
github.com/go-diskimages/diskimage/cmd/diskimage/create/create.go:46.144,48.16 2 4
github.com/go-diskimages/diskimage/cmd/diskimage/create/create.go:48.16,50.3 1 0
github.com/go-diskimages/diskimage/cmd/diskimage/create/create.go:51.2,60.22 2 4
github.com/go-diskimages/diskimage/cmd/diskimage/create/create.go:60.22,62.3 1 1
github.com/go-diskimages/diskimage/cmd/diskimage/create/create.go:63.2,63.44 1 4
github.com/go-diskimages/diskimage/cmd/diskimage/create/create.go:63.44,65.3 1 1
github.com/go-diskimages/diskimage/cmd/diskimage/create/create.go:66.2,70.12 2 3
github.com/go-diskimages/diskimage/cmd/diskimage/create/create.go:76.41,78.13 2 19
github.com/go-diskimages/diskimage/cmd/diskimage/create/create.go:78.13,80.3 1 1
github.com/go-diskimages/diskimage/cmd/diskimage/create/create.go:82.2,93.26 4 18
github.com/go-diskimages/diskimage/cmd/diskimage/create/create.go:93.26,95.3 1 234
github.com/go-diskimages/diskimage/cmd/diskimage/create/create.go:96.2,96.33 1 18
github.com/go-diskimages/diskimage/cmd/diskimage/create/create.go:96.33,97.59 1 216
github.com/go-diskimages/diskimage/cmd/diskimage/create/create.go:97.59,99.4 1 500
github.com/go-diskimages/diskimage/cmd/diskimage/create/create.go:101.2,101.30 1 18
github.com/go-diskimages/diskimage/cmd/diskimage/create/create.go:101.30,103.39 2 200
github.com/go-diskimages/diskimage/cmd/diskimage/create/create.go:103.39,106.18 3 13
github.com/go-diskimages/diskimage/cmd/diskimage/create/create.go:106.18,108.5 1 0
github.com/go-diskimages/diskimage/cmd/diskimage/create/create.go:109.4,109.14 1 13
github.com/go-diskimages/diskimage/cmd/diskimage/create/create.go:109.14,111.5 1 0
github.com/go-diskimages/diskimage/cmd/diskimage/create/create.go:112.4,112.24 1 13
github.com/go-diskimages/diskimage/cmd/diskimage/create/create.go:117.2,118.16 2 5
github.com/go-diskimages/diskimage/cmd/diskimage/create/create.go:118.16,120.3 1 3
github.com/go-diskimages/diskimage/cmd/diskimage/create/create.go:121.2,121.12 1 2
github.com/go-diskimages/diskimage/cmd/diskimage/create/create.go:121.12,123.3 1 1
github.com/go-diskimages/diskimage/cmd/diskimage/create/create.go:124.2,124.15 1 1
github.com/go-diskimages/diskimage/cmd/diskimage/create/create.go:128.32,135.9 2 8
github.com/go-diskimages/diskimage/cmd/diskimage/create/create.go:136.30,137.37 1 0
github.com/go-diskimages/diskimage/cmd/diskimage/create/create.go:138.30,139.37 1 1
github.com/go-diskimages/diskimage/cmd/diskimage/create/create.go:140.30,141.37 1 1
github.com/go-diskimages/diskimage/cmd/diskimage/create/create.go:142.30,143.37 1 5
github.com/go-diskimages/diskimage/cmd/diskimage/create/create.go:144.10,145.31 1 1
github.com/go-diskimages/diskimage/cmd/diskimage/create/create_dmg.go:12.30,29.55 2 13
github.com/go-diskimages/diskimage/cmd/diskimage/create/create_dmg.go:29.55,31.47 2 4
github.com/go-diskimages/diskimage/cmd/diskimage/create/create_dmg.go:31.47,34.5 1 1
github.com/go-diskimages/diskimage/cmd/diskimage/create/create_dmg.go:35.4,35.48 1 3
github.com/go-diskimages/diskimage/cmd/diskimage/create/create_dmg.go:35.48,37.5 1 1
github.com/go-diskimages/diskimage/cmd/diskimage/create/create_dmg.go:38.4,38.102 1 2
github.com/go-diskimages/diskimage/cmd/diskimage/create/create_dmg.go:41.2,44.12 4 13
github.com/go-diskimages/diskimage/cmd/diskimage/create/create_efivars.go:12.66,14.16 2 0
github.com/go-diskimages/diskimage/cmd/diskimage/create/create_efivars.go:14.16,16.3 1 0
github.com/go-diskimages/diskimage/cmd/diskimage/create/create_efivars.go:17.2,17.18 1 0
github.com/go-diskimages/diskimage/cmd/diskimage/create/create_efivars.go:21.30,33.55 2 13
github.com/go-diskimages/diskimage/cmd/diskimage/create/create_efivars.go:33.55,35.4 1 3
github.com/go-diskimages/diskimage/cmd/diskimage/create/create_efivars.go:37.2,40.12 4 13
github.com/go-diskimages/diskimage/cmd/diskimage/create/create_efivars.go:44.61,46.16 2 3
github.com/go-diskimages/diskimage/cmd/diskimage/create/create_efivars.go:46.16,48.3 1 1
github.com/go-diskimages/diskimage/cmd/diskimage/create/create_efivars.go:49.2,49.59 1 2
github.com/go-diskimages/diskimage/cmd/diskimage/create/create_efivars.go:49.59,51.3 1 1
github.com/go-diskimages/diskimage/cmd/diskimage/create/create_efivars.go:52.2,53.12 2 1
github.com/go-diskimages/diskimage/cmd/diskimage/create/create_qcow2.go:12.64,14.2 1 0
github.com/go-diskimages/diskimage/cmd/diskimage/create/create_qcow2.go:17.32,30.55 2 13
github.com/go-diskimages/diskimage/cmd/diskimage/create/create_qcow2.go:30.55,32.4 1 3
github.com/go-diskimages/diskimage/cmd/diskimage/create/create_qcow2.go:34.2,38.12 5 13
github.com/go-diskimages/diskimage/cmd/diskimage/create/create_qcow2.go:42.69,44.16 2 3
github.com/go-diskimages/diskimage/cmd/diskimage/create/create_qcow2.go:44.16,46.3 1 1
github.com/go-diskimages/diskimage/cmd/diskimage/create/create_qcow2.go:47.2,47.57 1 2
github.com/go-diskimages/diskimage/cmd/diskimage/create/create_qcow2.go:47.57,49.3 1 1
github.com/go-diskimages/diskimage/cmd/diskimage/create/create_qcow2.go:50.2,54.12 2 1
github.com/go-diskimages/diskimage/cmd/diskimage/create/create_raw.go:13.30,27.55 2 13
github.com/go-diskimages/diskimage/cmd/diskimage/create/create_raw.go:27.55,29.4 1 2
github.com/go-diskimages/diskimage/cmd/diskimage/create/create_raw.go:31.2,32.12 2 13
github.com/go-diskimages/diskimage/cmd/diskimage/copy/copy.go:17.31,32.55 2 2
github.com/go-diskimages/diskimage/cmd/diskimage/copy/copy.go:32.55,33.28 1 2
github.com/go-diskimages/diskimage/cmd/diskimage/copy/copy.go:33.28,35.5 1 0
github.com/go-diskimages/diskimage/cmd/diskimage/copy/copy.go:36.4,36.30 1 2
github.com/go-diskimages/diskimage/cmd/diskimage/copy/copy.go:36.30,38.5 1 0
github.com/go-diskimages/diskimage/cmd/diskimage/copy/copy.go:39.4,42.15 3 2
github.com/go-diskimages/diskimage/cmd/diskimage/copy/copy.go:42.15,46.19 4 1
github.com/go-diskimages/diskimage/cmd/diskimage/copy/copy.go:46.19,48.6 1 0
github.com/go-diskimages/diskimage/cmd/diskimage/copy/copy.go:50.5,51.49 2 1
github.com/go-diskimages/diskimage/cmd/diskimage/copy/copy.go:51.49,53.6 1 1
github.com/go-diskimages/diskimage/cmd/diskimage/copy/copy.go:54.5,55.59 2 1
github.com/go-diskimages/diskimage/cmd/diskimage/copy/copy.go:55.59,57.6 1 0
github.com/go-diskimages/diskimage/cmd/diskimage/copy/copy.go:58.5,59.15 2 1
github.com/go-diskimages/diskimage/cmd/diskimage/copy/copy.go:63.4,67.18 5 1
github.com/go-diskimages/diskimage/cmd/diskimage/copy/copy.go:67.18,69.5 1 0
github.com/go-diskimages/diskimage/cmd/diskimage/copy/copy.go:70.4,70.62 1 1
github.com/go-diskimages/diskimage/cmd/diskimage/copy/copy.go:70.62,72.5 1 0
github.com/go-diskimages/diskimage/cmd/diskimage/copy/copy.go:73.4,74.14 2 1
github.com/go-diskimages/diskimage/cmd/diskimage/copy/copy.go:78.2,85.12 7 2
github.com/go-diskimages/diskimage/cmd/diskimage/main.go:15.13,16.44 1 0
github.com/go-diskimages/diskimage/cmd/diskimage/main.go:16.44,19.3 2 0
github.com/go-diskimages/diskimage/cmd/diskimage/main.go:22.31,34.2 6 1
github.com/go-diskimages/diskimage/cmd/diskimage/exec/exec.go:6.31,44.2 6 20
github.com/go-diskimages/diskimage/cmd/diskimage/exec/exec_cmd_btrfs.go:17.73,19.16 2 19
github.com/go-diskimages/diskimage/cmd/diskimage/exec/exec_cmd_btrfs.go:19.16,21.3 1 1
github.com/go-diskimages/diskimage/cmd/diskimage/exec/exec_cmd_btrfs.go:22.2,22.33 1 18
github.com/go-diskimages/diskimage/cmd/diskimage/exec/exec_cmd_btrfs.go:22.33,24.3 1 0
github.com/go-diskimages/diskimage/cmd/diskimage/exec/exec_cmd_btrfs.go:25.2,26.16 2 18
github.com/go-diskimages/diskimage/cmd/diskimage/exec/exec_cmd_btrfs.go:26.16,28.3 1 0
github.com/go-diskimages/diskimage/cmd/diskimage/exec/exec_cmd_btrfs.go:29.2,29.16 1 18
github.com/go-diskimages/diskimage/cmd/diskimage/exec/exec_cmd_btrfs.go:36.93,38.16 2 3
github.com/go-diskimages/diskimage/cmd/diskimage/exec/exec_cmd_btrfs.go:38.16,40.3 1 1
github.com/go-diskimages/diskimage/cmd/diskimage/exec/exec_cmd_btrfs.go:41.2,42.16 2 2
github.com/go-diskimages/diskimage/cmd/diskimage/exec/exec_cmd_btrfs.go:42.16,44.3 1 1
github.com/go-diskimages/diskimage/cmd/diskimage/exec/exec_cmd_btrfs.go:45.2,46.45 2 1
github.com/go-diskimages/diskimage/cmd/diskimage/exec/exec_cmd_btrfs.go:46.45,48.3 1 0
github.com/go-diskimages/diskimage/cmd/diskimage/exec/exec_cmd_btrfs.go:49.2,49.14 1 1
github.com/go-diskimages/diskimage/cmd/diskimage/exec/exec_cmd_btrfs.go:49.14,51.3 1 1
github.com/go-diskimages/diskimage/cmd/diskimage/exec/exec_cmd_btrfs.go:52.2,52.12 1 1
github.com/go-diskimages/diskimage/cmd/diskimage/exec/exec_cmd_btrfs.go:57.100,59.16 2 3
github.com/go-diskimages/diskimage/cmd/diskimage/exec/exec_cmd_btrfs.go:59.16,61.3 1 1
github.com/go-diskimages/diskimage/cmd/diskimage/exec/exec_cmd_btrfs.go:62.2,63.16 2 2
github.com/go-diskimages/diskimage/cmd/diskimage/exec/exec_cmd_btrfs.go:63.16,65.3 1 1
github.com/go-diskimages/diskimage/cmd/diskimage/exec/exec_cmd_btrfs.go:66.2,67.16 2 1
github.com/go-diskimages/diskimage/cmd/diskimage/exec/exec_cmd_btrfs.go:67.16,69.3 1 0
github.com/go-diskimages/diskimage/cmd/diskimage/exec/exec_cmd_btrfs.go:70.2,71.69 2 1
github.com/go-diskimages/diskimage/cmd/diskimage/exec/exec_cmd_btrfs.go:71.69,73.3 1 0
github.com/go-diskimages/diskimage/cmd/diskimage/exec/exec_cmd_btrfs.go:74.2,74.14 1 1
github.com/go-diskimages/diskimage/cmd/diskimage/exec/exec_cmd_btrfs.go:74.14,76.3 1 1
github.com/go-diskimages/diskimage/cmd/diskimage/exec/exec_cmd_btrfs.go:77.2,77.12 1 1
github.com/go-diskimages/diskimage/cmd/diskimage/exec/exec_cmd_btrfs.go:84.106,86.16 2 3
github.com/go-diskimages/diskimage/cmd/diskimage/exec/exec_cmd_btrfs.go:86.16,88.3 1 1
github.com/go-diskimages/diskimage/cmd/diskimage/exec/exec_cmd_btrfs.go:89.2,90.16 2 2
github.com/go-diskimages/diskimage/cmd/diskimage/exec/exec_cmd_btrfs.go:90.16,92.3 1 1
github.com/go-diskimages/diskimage/cmd/diskimage/exec/exec_cmd_btrfs.go:93.2,94.16 2 1
github.com/go-diskimages/diskimage/cmd/diskimage/exec/exec_cmd_btrfs.go:94.16,96.3 1 0
github.com/go-diskimages/diskimage/cmd/diskimage/exec/exec_cmd_btrfs.go:97.2,98.101 2 1
github.com/go-diskimages/diskimage/cmd/diskimage/exec/exec_cmd_btrfs.go:98.101,100.3 1 0
github.com/go-diskimages/diskimage/cmd/diskimage/exec/exec_cmd_btrfs.go:101.2,101.14 1 1
github.com/go-diskimages/diskimage/cmd/diskimage/exec/exec_cmd_btrfs.go:101.14,103.3 1 1
github.com/go-diskimages/diskimage/cmd/diskimage/exec/exec_cmd_btrfs.go:104.2,104.12 1 1
github.com/go-diskimages/diskimage/cmd/diskimage/exec/exec_cmd_btrfs.go:109.95,111.16 2 2
github.com/go-diskimages/diskimage/cmd/diskimage/exec/exec_cmd_btrfs.go:111.16,113.3 1 0
github.com/go-diskimages/diskimage/cmd/diskimage/exec/exec_cmd_btrfs.go:114.2,115.50 2 2
github.com/go-diskimages/diskimage/cmd/diskimage/exec/exec_cmd_btrfs.go:115.50,117.3 1 1
github.com/go-diskimages/diskimage/cmd/diskimage/exec/exec_cmd_btrfs.go:118.2,118.14 1 1
github.com/go-diskimages/diskimage/cmd/diskimage/exec/exec_cmd_btrfs.go:118.14,120.3 1 1
github.com/go-diskimages/diskimage/cmd/diskimage/exec/exec_cmd_btrfs.go:121.2,121.12 1 1
github.com/go-diskimages/diskimage/cmd/diskimage/exec/exec_cmd_btrfs.go:126.98,128.16 2 2
github.com/go-diskimages/diskimage/cmd/diskimage/exec/exec_cmd_btrfs.go:128.16,130.3 1 0
github.com/go-diskimages/diskimage/cmd/diskimage/exec/exec_cmd_btrfs.go:131.2,132.53 2 2
github.com/go-diskimages/diskimage/cmd/diskimage/exec/exec_cmd_btrfs.go:132.53,134.3 1 1
github.com/go-diskimages/diskimage/cmd/diskimage/exec/exec_cmd_btrfs.go:135.2,135.14 1 1
github.com/go-diskimages/diskimage/cmd/diskimage/exec/exec_cmd_btrfs.go:135.14,137.3 1 1
github.com/go-diskimages/diskimage/cmd/diskimage/exec/exec_cmd_btrfs.go:138.2,138.12 1 1
github.com/go-diskimages/diskimage/cmd/diskimage/exec/exec_cmd_btrfs.go:144.100,146.16 2 1
github.com/go-diskimages/diskimage/cmd/diskimage/exec/exec_cmd_btrfs.go:146.16,148.3 1 0
github.com/go-diskimages/diskimage/cmd/diskimage/exec/exec_cmd_btrfs.go:149.2,150.63 2 1
github.com/go-diskimages/diskimage/cmd/diskimage/exec/exec_cmd_btrfs.go:150.63,152.3 1 0
github.com/go-diskimages/diskimage/cmd/diskimage/exec/exec_cmd_btrfs.go:153.2,153.14 1 1
github.com/go-diskimages/diskimage/cmd/diskimage/exec/exec_cmd_btrfs.go:153.14,155.3 1 1
github.com/go-diskimages/diskimage/cmd/diskimage/exec/exec_cmd_btrfs.go:156.2,156.12 1 1
github.com/go-diskimages/diskimage/cmd/diskimage/exec/exec_cmd_btrfs.go:160.96,162.16 2 2
github.com/go-diskimages/diskimage/cmd/diskimage/exec/exec_cmd_btrfs.go:162.16,164.3 1 0
github.com/go-diskimages/diskimage/cmd/diskimage/exec/exec_cmd_btrfs.go:165.2,166.51 2 2
github.com/go-diskimages/diskimage/cmd/diskimage/exec/exec_cmd_btrfs.go:166.51,168.3 1 1
github.com/go-diskimages/diskimage/cmd/diskimage/exec/exec_cmd_btrfs.go:169.2,169.14 1 1
github.com/go-diskimages/diskimage/cmd/diskimage/exec/exec_cmd_btrfs.go:169.14,171.3 1 1
github.com/go-diskimages/diskimage/cmd/diskimage/exec/exec_cmd_btrfs.go:172.2,172.12 1 1
github.com/go-diskimages/diskimage/cmd/diskimage/exec/exec_cmd_btrfs.go:178.96,180.16 2 3
github.com/go-diskimages/diskimage/cmd/diskimage/exec/exec_cmd_btrfs.go:180.16,182.3 1 1
github.com/go-diskimages/diskimage/cmd/diskimage/exec/exec_cmd_btrfs.go:183.2,184.16 2 2
github.com/go-diskimages/diskimage/cmd/diskimage/exec/exec_cmd_btrfs.go:184.16,186.3 1 0
github.com/go-diskimages/diskimage/cmd/diskimage/exec/exec_cmd_btrfs.go:187.2,188.53 2 2
github.com/go-diskimages/diskimage/cmd/diskimage/exec/exec_cmd_btrfs.go:188.53,190.3 1 0
github.com/go-diskimages/diskimage/cmd/diskimage/exec/exec_cmd_btrfs.go:191.2,191.14 1 2
github.com/go-diskimages/diskimage/cmd/diskimage/exec/exec_cmd_btrfs.go:191.14,193.3 1 2
github.com/go-diskimages/diskimage/cmd/diskimage/exec/exec_cmd_btrfs.go:194.2,194.12 1 2
github.com/go-diskimages/diskimage/cmd/diskimage/exec/exec_cmd_btrfs.go:200.91,202.16 2 3
github.com/go-diskimages/diskimage/cmd/diskimage/exec/exec_cmd_btrfs.go:202.16,204.3 1 0
github.com/go-diskimages/diskimage/cmd/diskimage/exec/exec_cmd_btrfs.go:205.2,207.16 3 3
github.com/go-diskimages/diskimage/cmd/diskimage/exec/exec_cmd_btrfs.go:207.16,209.3 1 1
github.com/go-diskimages/diskimage/cmd/diskimage/exec/exec_cmd_btrfs.go:210.2,210.14 1 2
github.com/go-diskimages/diskimage/cmd/diskimage/exec/exec_cmd_btrfs.go:210.14,212.3 1 0
github.com/go-diskimages/diskimage/cmd/diskimage/exec/exec_cmd_btrfs.go:213.2,214.9 2 2
github.com/go-diskimages/diskimage/cmd/diskimage/exec/exec_cmd_btrfs.go:215.18,216.21 1 1
github.com/go-diskimages/diskimage/cmd/diskimage/exec/exec_cmd_btrfs.go:217.22,218.19 1 0
github.com/go-diskimages/diskimage/cmd/diskimage/exec/exec_cmd_btrfs.go:220.2,233.12 14 2
github.com/go-diskimages/diskimage/cmd/diskimage/exec/exec_cmd_btrfs.go:238.74,240.16 2 2
github.com/go-diskimages/diskimage/cmd/diskimage/exec/exec_cmd_btrfs.go:240.16,242.3 1 0
github.com/go-diskimages/diskimage/cmd/diskimage/exec/exec_cmd_btrfs.go:243.2,244.14 2 2
github.com/go-diskimages/diskimage/cmd/diskimage/exec/exec_cmd_btrfs.go:244.14,246.3 1 2
github.com/go-diskimages/diskimage/cmd/diskimage/exec/exec_cmd_btrfs.go:247.2,247.12 1 2
github.com/go-diskimages/diskimage/cmd/diskimage/exec/exec_cmd_btrfs.go:252.91,254.16 2 1
github.com/go-diskimages/diskimage/cmd/diskimage/exec/exec_cmd_btrfs.go:254.16,256.3 1 0
github.com/go-diskimages/diskimage/cmd/diskimage/exec/exec_cmd_btrfs.go:257.2,258.46 2 1
github.com/go-diskimages/diskimage/cmd/diskimage/exec/exec_cmd_btrfs.go:258.46,260.3 1 0
github.com/go-diskimages/diskimage/cmd/diskimage/exec/exec_cmd_btrfs.go:261.2,261.14 1 1
github.com/go-diskimages/diskimage/cmd/diskimage/exec/exec_cmd_btrfs.go:261.14,263.3 1 1
github.com/go-diskimages/diskimage/cmd/diskimage/exec/exec_cmd_btrfs.go:264.2,264.12 1 1
github.com/go-diskimages/diskimage/cmd/diskimage/exec/exec_cmd_btrfs.go:269.52,270.13 1 6
github.com/go-diskimages/diskimage/cmd/diskimage/exec/exec_cmd_btrfs.go:270.13,272.3 1 0
github.com/go-diskimages/diskimage/cmd/diskimage/exec/exec_cmd_btrfs.go:274.2,275.9 2 6
github.com/go-diskimages/diskimage/cmd/diskimage/exec/exec_cmd_btrfs.go:276.76,277.26 1 0
github.com/go-diskimages/diskimage/cmd/diskimage/exec/exec_cmd_btrfs.go:278.47,279.26 1 4
github.com/go-diskimages/diskimage/cmd/diskimage/exec/exec_cmd_btrfs.go:281.2,282.16 2 6
github.com/go-diskimages/diskimage/cmd/diskimage/exec/exec_cmd_btrfs.go:282.16,284.3 1 2
github.com/go-diskimages/diskimage/cmd/diskimage/exec/exec_cmd_btrfs.go:285.2,285.37 1 4
github.com/go-diskimages/diskimage/cmd/diskimage/exec/exec_cmd_df.go:15.99,19.16 3 23
github.com/go-diskimages/diskimage/cmd/diskimage/exec/exec_cmd_df.go:19.16,22.3 1 0
github.com/go-diskimages/diskimage/cmd/diskimage/exec/exec_cmd_df.go:24.2,25.16 2 23
github.com/go-diskimages/diskimage/cmd/diskimage/exec/exec_cmd_df.go:25.16,27.3 1 0
github.com/go-diskimages/diskimage/cmd/diskimage/exec/exec_cmd_df.go:28.2,30.18 3 23
github.com/go-diskimages/diskimage/cmd/diskimage/exec/exec_cmd_df.go:30.18,32.3 1 21
github.com/go-diskimages/diskimage/cmd/diskimage/exec/exec_cmd_df.go:32.8,34.3 1 2
github.com/go-diskimages/diskimage/cmd/diskimage/exec/exec_cmd_df.go:35.2,36.15 2 23
github.com/go-diskimages/diskimage/cmd/diskimage/exec/exec_cmd_df.go:36.15,38.3 1 21
github.com/go-diskimages/diskimage/cmd/diskimage/exec/exec_cmd_df.go:40.2,40.11 1 23
github.com/go-diskimages/diskimage/cmd/diskimage/exec/exec_cmd_df.go:40.11,44.3 2 22
github.com/go-diskimages/diskimage/cmd/diskimage/exec/exec_cmd_df.go:44.8,48.3 2 1
github.com/go-diskimages/diskimage/cmd/diskimage/exec/exec_cmd_df.go:49.2,49.12 1 23
github.com/go-diskimages/diskimage/cmd/diskimage/exec/exec_cmd_df.go:54.102,57.2 2 23
github.com/go-diskimages/diskimage/cmd/diskimage/exec/exec_cmd_df.go:59.141,60.16 1 24
github.com/go-diskimages/diskimage/cmd/diskimage/exec/exec_cmd_df.go:60.16,62.3 1 0
github.com/go-diskimages/diskimage/cmd/diskimage/exec/exec_cmd_df.go:63.2,66.16 4 24
github.com/go-diskimages/diskimage/cmd/diskimage/exec/exec_cmd_df.go:66.16,68.3 1 0
github.com/go-diskimages/diskimage/cmd/diskimage/exec/exec_cmd_df.go:69.2,70.28 2 24
github.com/go-diskimages/diskimage/cmd/diskimage/exec/exec_cmd_df.go:70.28,71.38 1 25
github.com/go-diskimages/diskimage/cmd/diskimage/exec/exec_cmd_df.go:71.38,72.12 1 0
github.com/go-diskimages/diskimage/cmd/diskimage/exec/exec_cmd_df.go:74.3,75.18 2 25
github.com/go-diskimages/diskimage/cmd/diskimage/exec/exec_cmd_df.go:75.18,76.37 1 25
github.com/go-diskimages/diskimage/cmd/diskimage/exec/exec_cmd_df.go:76.37,78.5 1 1
github.com/go-diskimages/diskimage/cmd/diskimage/exec/exec_cmd_df.go:79.9,80.23 1 0
github.com/go-diskimages/diskimage/cmd/diskimage/exec/exec_cmd_df.go:80.23,82.5 1 0
github.com/go-diskimages/diskimage/cmd/diskimage/exec/exec_cmd_df.go:84.3,85.15 2 25
github.com/go-diskimages/diskimage/cmd/diskimage/exec/exec_cmd_df.go:85.15,87.4 1 24
github.com/go-diskimages/diskimage/cmd/diskimage/exec/exec_cmd_df.go:87.9,89.4 1 1
github.com/go-diskimages/diskimage/cmd/diskimage/exec/exec_cmd_df.go:90.3,90.12 1 25
github.com/go-diskimages/diskimage/cmd/diskimage/exec/exec_cmd_df.go:90.12,92.18 2 1
github.com/go-diskimages/diskimage/cmd/diskimage/exec/exec_cmd_df.go:92.18,94.5 1 0
github.com/go-diskimages/diskimage/cmd/diskimage/exec/exec_cmd_df.go:95.4,95.16 1 1
github.com/go-diskimages/diskimage/cmd/diskimage/exec/exec_cmd_df.go:96.9,98.4 1 24
github.com/go-diskimages/diskimage/cmd/diskimage/exec/exec_cmd_df.go:100.2,100.19 1 24
github.com/go-diskimages/diskimage/cmd/diskimage/exec/exec_cmd_du.go:14.122,17.16 3 23
github.com/go-diskimages/diskimage/cmd/diskimage/exec/exec_cmd_du.go:17.16,19.3 1 0
github.com/go-diskimages/diskimage/cmd/diskimage/exec/exec_cmd_du.go:20.2,20.11 1 23
github.com/go-diskimages/diskimage/cmd/diskimage/exec/exec_cmd_du.go:20.11,22.3 1 22
github.com/go-diskimages/diskimage/cmd/diskimage/exec/exec_cmd_du.go:22.8,24.3 1 1
github.com/go-diskimages/diskimage/cmd/diskimage/exec/exec_cmd_du.go:25.2,25.12 1 23
github.com/go-diskimages/diskimage/cmd/diskimage/exec/exec_cmd_du.go:30.121,32.21 2 23
github.com/go-diskimages/diskimage/cmd/diskimage/exec/exec_cmd_du.go:32.21,34.3 1 0
github.com/go-diskimages/diskimage/cmd/diskimage/exec/exec_cmd_du.go:35.2,35.77 1 23
github.com/go-diskimages/diskimage/cmd/diskimage/exec/exec_cmd_du.go:38.142,39.16 1 24
github.com/go-diskimages/diskimage/cmd/diskimage/exec/exec_cmd_du.go:39.16,41.3 1 0
github.com/go-diskimages/diskimage/cmd/diskimage/exec/exec_cmd_du.go:42.2,45.16 4 24
github.com/go-diskimages/diskimage/cmd/diskimage/exec/exec_cmd_du.go:45.16,47.3 1 0
github.com/go-diskimages/diskimage/cmd/diskimage/exec/exec_cmd_du.go:48.2,49.28 2 24
github.com/go-diskimages/diskimage/cmd/diskimage/exec/exec_cmd_du.go:49.28,50.38 1 25
github.com/go-diskimages/diskimage/cmd/diskimage/exec/exec_cmd_du.go:50.38,51.12 1 0
github.com/go-diskimages/diskimage/cmd/diskimage/exec/exec_cmd_du.go:53.3,54.18 2 25
github.com/go-diskimages/diskimage/cmd/diskimage/exec/exec_cmd_du.go:54.18,55.37 1 25
github.com/go-diskimages/diskimage/cmd/diskimage/exec/exec_cmd_du.go:55.37,57.5 1 1
github.com/go-diskimages/diskimage/cmd/diskimage/exec/exec_cmd_du.go:58.9,59.23 1 0
github.com/go-diskimages/diskimage/cmd/diskimage/exec/exec_cmd_du.go:59.23,61.5 1 0
github.com/go-diskimages/diskimage/cmd/diskimage/exec/exec_cmd_du.go:63.3,64.15 2 25
github.com/go-diskimages/diskimage/cmd/diskimage/exec/exec_cmd_du.go:64.15,66.4 1 24
github.com/go-diskimages/diskimage/cmd/diskimage/exec/exec_cmd_du.go:66.9,68.4 1 1
github.com/go-diskimages/diskimage/cmd/diskimage/exec/exec_cmd_du.go:69.3,69.12 1 25
github.com/go-diskimages/diskimage/cmd/diskimage/exec/exec_cmd_du.go:69.12,71.18 2 1
github.com/go-diskimages/diskimage/cmd/diskimage/exec/exec_cmd_du.go:71.18,73.5 1 0
github.com/go-diskimages/diskimage/cmd/diskimage/exec/exec_cmd_du.go:74.4,74.16 1 1
github.com/go-diskimages/diskimage/cmd/diskimage/exec/exec_cmd_du.go:75.9,77.4 1 24
github.com/go-diskimages/diskimage/cmd/diskimage/exec/exec_cmd_du.go:79.2,79.19 1 24
github.com/go-diskimages/diskimage/cmd/diskimage/exec/exec_cmd_exfat.go:15.92,17.16 2 4
github.com/go-diskimages/diskimage/cmd/diskimage/exec/exec_cmd_exfat.go:17.16,19.3 1 0
github.com/go-diskimages/diskimage/cmd/diskimage/exec/exec_cmd_exfat.go:20.2,20.33 1 4
github.com/go-diskimages/diskimage/cmd/diskimage/exec/exec_cmd_exfat.go:20.33,22.3 1 0
github.com/go-diskimages/diskimage/cmd/diskimage/exec/exec_cmd_exfat.go:23.2,24.16 2 4
github.com/go-diskimages/diskimage/cmd/diskimage/exec/exec_cmd_exfat.go:24.16,26.3 1 0
github.com/go-diskimages/diskimage/cmd/diskimage/exec/exec_cmd_exfat.go:27.2,28.9 2 4
github.com/go-diskimages/diskimage/cmd/diskimage/exec/exec_cmd_exfat.go:28.9,31.3 2 0
github.com/go-diskimages/diskimage/cmd/diskimage/exec/exec_cmd_exfat.go:32.2,32.19 1 4
github.com/go-diskimages/diskimage/cmd/diskimage/exec/exec_cmd_exfat.go:36.74,38.16 2 2
github.com/go-diskimages/diskimage/cmd/diskimage/exec/exec_cmd_exfat.go:38.16,40.3 1 0
github.com/go-diskimages/diskimage/cmd/diskimage/exec/exec_cmd_exfat.go:41.2,42.14 2 2
github.com/go-diskimages/diskimage/cmd/diskimage/exec/exec_cmd_exfat.go:42.14,44.3 1 2
github.com/go-diskimages/diskimage/cmd/diskimage/exec/exec_cmd_exfat.go:45.2,45.12 1 2
github.com/go-diskimages/diskimage/cmd/diskimage/exec/exec_cmd_exfat.go:50.91,52.16 2 2
github.com/go-diskimages/diskimage/cmd/diskimage/exec/exec_cmd_exfat.go:52.16,54.3 1 0
github.com/go-diskimages/diskimage/cmd/diskimage/exec/exec_cmd_exfat.go:55.2,56.45 2 2
github.com/go-diskimages/diskimage/cmd/diskimage/exec/exec_cmd_exfat.go:56.45,58.3 1 1
github.com/go-diskimages/diskimage/cmd/diskimage/exec/exec_cmd_exfat.go:59.2,59.14 1 1
github.com/go-diskimages/diskimage/cmd/diskimage/exec/exec_cmd_exfat.go:59.14,61.3 1 1
github.com/go-diskimages/diskimage/cmd/diskimage/exec/exec_cmd_exfat.go:62.2,62.12 1 1
github.com/go-diskimages/diskimage/cmd/diskimage/exec/exec_cmd_ext4.go:16.91,18.16 2 5
github.com/go-diskimages/diskimage/cmd/diskimage/exec/exec_cmd_ext4.go:18.16,20.3 1 1
github.com/go-diskimages/diskimage/cmd/diskimage/exec/exec_cmd_ext4.go:21.2,21.32 1 4
github.com/go-diskimages/diskimage/cmd/diskimage/exec/exec_cmd_ext4.go:21.32,23.3 1 0
github.com/go-diskimages/diskimage/cmd/diskimage/exec/exec_cmd_ext4.go:24.2,25.16 2 4
github.com/go-diskimages/diskimage/cmd/diskimage/exec/exec_cmd_ext4.go:25.16,27.3 1 0
github.com/go-diskimages/diskimage/cmd/diskimage/exec/exec_cmd_ext4.go:28.2,29.9 2 4
github.com/go-diskimages/diskimage/cmd/diskimage/exec/exec_cmd_ext4.go:29.9,32.3 2 0
github.com/go-diskimages/diskimage/cmd/diskimage/exec/exec_cmd_ext4.go:33.2,33.19 1 4
github.com/go-diskimages/diskimage/cmd/diskimage/exec/exec_cmd_ext4.go:38.73,40.16 2 3
github.com/go-diskimages/diskimage/cmd/diskimage/exec/exec_cmd_ext4.go:40.16,42.3 1 1
github.com/go-diskimages/diskimage/cmd/diskimage/exec/exec_cmd_ext4.go:43.2,44.14 2 2
github.com/go-diskimages/diskimage/cmd/diskimage/exec/exec_cmd_ext4.go:44.14,46.3 1 2
github.com/go-diskimages/diskimage/cmd/diskimage/exec/exec_cmd_ext4.go:47.2,47.12 1 2
github.com/go-diskimages/diskimage/cmd/diskimage/exec/exec_cmd_ext4.go:52.90,54.16 2 2
github.com/go-diskimages/diskimage/cmd/diskimage/exec/exec_cmd_ext4.go:54.16,56.3 1 0
github.com/go-diskimages/diskimage/cmd/diskimage/exec/exec_cmd_ext4.go:57.2,58.45 2 2
github.com/go-diskimages/diskimage/cmd/diskimage/exec/exec_cmd_ext4.go:58.45,60.3 1 1
github.com/go-diskimages/diskimage/cmd/diskimage/exec/exec_cmd_ext4.go:61.2,61.14 1 1
github.com/go-diskimages/diskimage/cmd/diskimage/exec/exec_cmd_ext4.go:61.14,63.3 1 1
github.com/go-diskimages/diskimage/cmd/diskimage/exec/exec_cmd_ext4.go:64.2,64.12 1 1
github.com/go-diskimages/diskimage/cmd/diskimage/exec/exec_cmd_fat32.go:15.92,17.16 2 4
github.com/go-diskimages/diskimage/cmd/diskimage/exec/exec_cmd_fat32.go:17.16,19.3 1 0
github.com/go-diskimages/diskimage/cmd/diskimage/exec/exec_cmd_fat32.go:20.2,20.33 1 4
github.com/go-diskimages/diskimage/cmd/diskimage/exec/exec_cmd_fat32.go:20.33,22.3 1 0
github.com/go-diskimages/diskimage/cmd/diskimage/exec/exec_cmd_fat32.go:23.2,24.16 2 4
github.com/go-diskimages/diskimage/cmd/diskimage/exec/exec_cmd_fat32.go:24.16,26.3 1 0
github.com/go-diskimages/diskimage/cmd/diskimage/exec/exec_cmd_fat32.go:27.2,28.9 2 4
github.com/go-diskimages/diskimage/cmd/diskimage/exec/exec_cmd_fat32.go:28.9,31.3 2 0
github.com/go-diskimages/diskimage/cmd/diskimage/exec/exec_cmd_fat32.go:32.2,32.19 1 4
github.com/go-diskimages/diskimage/cmd/diskimage/exec/exec_cmd_fat32.go:37.74,39.16 2 2
github.com/go-diskimages/diskimage/cmd/diskimage/exec/exec_cmd_fat32.go:39.16,41.3 1 0
github.com/go-diskimages/diskimage/cmd/diskimage/exec/exec_cmd_fat32.go:42.2,43.14 2 2
github.com/go-diskimages/diskimage/cmd/diskimage/exec/exec_cmd_fat32.go:43.14,45.3 1 2
github.com/go-diskimages/diskimage/cmd/diskimage/exec/exec_cmd_fat32.go:46.2,46.12 1 2
github.com/go-diskimages/diskimage/cmd/diskimage/exec/exec_cmd_fat32.go:52.91,54.16 2 2
github.com/go-diskimages/diskimage/cmd/diskimage/exec/exec_cmd_fat32.go:54.16,56.3 1 0
github.com/go-diskimages/diskimage/cmd/diskimage/exec/exec_cmd_fat32.go:57.2,58.45 2 2
github.com/go-diskimages/diskimage/cmd/diskimage/exec/exec_cmd_fat32.go:58.45,60.3 1 1
github.com/go-diskimages/diskimage/cmd/diskimage/exec/exec_cmd_fat32.go:61.2,61.14 1 1
github.com/go-diskimages/diskimage/cmd/diskimage/exec/exec_cmd_fat32.go:61.14,63.3 1 1
github.com/go-diskimages/diskimage/cmd/diskimage/exec/exec_cmd_fat32.go:64.2,64.12 1 1
github.com/go-diskimages/diskimage/cmd/diskimage/exec/exec_cmd_ls.go:13.138,14.16 1 28
github.com/go-diskimages/diskimage/cmd/diskimage/exec/exec_cmd_ls.go:14.16,16.3 1 2
github.com/go-diskimages/diskimage/cmd/diskimage/exec/exec_cmd_ls.go:17.2,18.16 2 26
github.com/go-diskimages/diskimage/cmd/diskimage/exec/exec_cmd_ls.go:18.16,20.3 1 0
github.com/go-diskimages/diskimage/cmd/diskimage/exec/exec_cmd_ls.go:21.2,21.14 1 26
github.com/go-diskimages/diskimage/cmd/diskimage/exec/exec_cmd_ls.go:21.14,23.3 1 25
github.com/go-diskimages/diskimage/cmd/diskimage/exec/exec_cmd_ls.go:24.2,24.23 1 26
github.com/go-diskimages/diskimage/cmd/diskimage/exec/exec_cmd_ls.go:24.23,27.3 2 1
github.com/go-diskimages/diskimage/cmd/diskimage/exec/exec_cmd_ls.go:28.2,28.10 1 25
github.com/go-diskimages/diskimage/cmd/diskimage/exec/exec_cmd_ls.go:28.10,30.3 1 1
github.com/go-diskimages/diskimage/cmd/diskimage/exec/exec_cmd_ls.go:30.8,32.3 1 24
github.com/go-diskimages/diskimage/cmd/diskimage/exec/exec_cmd_ls.go:33.2,33.12 1 25
github.com/go-diskimages/diskimage/cmd/diskimage/exec/exec_cmd_ls.go:37.125,38.24 1 26
github.com/go-diskimages/diskimage/cmd/diskimage/exec/exec_cmd_ls.go:38.24,40.3 1 5
github.com/go-diskimages/diskimage/cmd/diskimage/exec/exec_cmd_ls.go:41.2,47.4 1 21
github.com/go-diskimages/diskimage/cmd/diskimage/exec/exec_cmd_ls.go:51.115,54.2 2 28
github.com/go-diskimages/diskimage/cmd/diskimage/exec/exec_cmd_ls.go:57.102,59.31 2 28
github.com/go-diskimages/diskimage/cmd/diskimage/exec/exec_cmd_ls.go:59.31,60.34 1 3
github.com/go-diskimages/diskimage/cmd/diskimage/exec/exec_cmd_ls.go:60.34,61.30 1 2
github.com/go-diskimages/diskimage/cmd/diskimage/exec/exec_cmd_ls.go:61.30,62.14 1 4
github.com/go-diskimages/diskimage/cmd/diskimage/exec/exec_cmd_ls.go:63.14,64.20 1 1
github.com/go-diskimages/diskimage/cmd/diskimage/exec/exec_cmd_ls.go:65.14,66.17 1 1
github.com/go-diskimages/diskimage/cmd/diskimage/exec/exec_cmd_ls.go:67.14,68.21 1 1
github.com/go-diskimages/diskimage/cmd/diskimage/exec/exec_cmd_ls.go:69.14,70.18 1 1
github.com/go-diskimages/diskimage/cmd/diskimage/exec/exec_cmd_ls.go:73.9,75.4 1 1
github.com/go-diskimages/diskimage/cmd/diskimage/exec/exec_cmd_ls.go:77.2,77.8 1 28
github.com/go-diskimages/diskimage/cmd/diskimage/exec/exec_cmd_ls.go:81.72,83.28 2 25
github.com/go-diskimages/diskimage/cmd/diskimage/exec/exec_cmd_ls.go:83.28,84.38 1 27
github.com/go-diskimages/diskimage/cmd/diskimage/exec/exec_cmd_ls.go:84.38,86.4 1 26
github.com/go-diskimages/diskimage/cmd/diskimage/exec/exec_cmd_ls.go:88.2,88.12 1 25
github.com/go-diskimages/diskimage/cmd/diskimage/exec/exec_cmd_ls.go:92.81,93.28 1 24
github.com/go-diskimages/diskimage/cmd/diskimage/exec/exec_cmd_ls.go:93.28,95.3 1 26
github.com/go-diskimages/diskimage/cmd/diskimage/exec/exec_cmd_ls.go:99.87,100.28 1 1
github.com/go-diskimages/diskimage/cmd/diskimage/exec/exec_cmd_ls.go:100.28,103.12 3 2
github.com/go-diskimages/diskimage/cmd/diskimage/exec/exec_cmd_ls.go:103.12,105.4 1 2
github.com/go-diskimages/diskimage/cmd/diskimage/exec/exec_cmd_ls.go:105.9,107.4 1 0
github.com/go-diskimages/diskimage/cmd/diskimage/exec/exec_cmd_ls.go:108.3,108.74 1 2
github.com/go-diskimages/diskimage/cmd/diskimage/exec/exec_cmd_ntfs.go:17.91,19.16 2 3
github.com/go-diskimages/diskimage/cmd/diskimage/exec/exec_cmd_ntfs.go:19.16,21.3 1 0
github.com/go-diskimages/diskimage/cmd/diskimage/exec/exec_cmd_ntfs.go:22.2,22.32 1 3
github.com/go-diskimages/diskimage/cmd/diskimage/exec/exec_cmd_ntfs.go:22.32,24.3 1 0
github.com/go-diskimages/diskimage/cmd/diskimage/exec/exec_cmd_ntfs.go:25.2,26.16 2 3
github.com/go-diskimages/diskimage/cmd/diskimage/exec/exec_cmd_ntfs.go:26.16,28.3 1 0
github.com/go-diskimages/diskimage/cmd/diskimage/exec/exec_cmd_ntfs.go:29.2,30.9 2 3
github.com/go-diskimages/diskimage/cmd/diskimage/exec/exec_cmd_ntfs.go:30.9,33.3 2 0
github.com/go-diskimages/diskimage/cmd/diskimage/exec/exec_cmd_ntfs.go:34.2,34.19 1 3
github.com/go-diskimages/diskimage/cmd/diskimage/exec/exec_cmd_ntfs.go:38.73,40.16 2 2
github.com/go-diskimages/diskimage/cmd/diskimage/exec/exec_cmd_ntfs.go:40.16,42.3 1 0
github.com/go-diskimages/diskimage/cmd/diskimage/exec/exec_cmd_ntfs.go:43.2,44.14 2 2
github.com/go-diskimages/diskimage/cmd/diskimage/exec/exec_cmd_ntfs.go:44.14,46.3 1 2
github.com/go-diskimages/diskimage/cmd/diskimage/exec/exec_cmd_ntfs.go:47.2,47.12 1 2
github.com/go-diskimages/diskimage/cmd/diskimage/exec/exec_cmd_ntfs.go:51.90,53.16 2 1
github.com/go-diskimages/diskimage/cmd/diskimage/exec/exec_cmd_ntfs.go:53.16,55.3 1 0
github.com/go-diskimages/diskimage/cmd/diskimage/exec/exec_cmd_ntfs.go:56.2,57.45 2 1
github.com/go-diskimages/diskimage/cmd/diskimage/exec/exec_cmd_ntfs.go:57.45,59.3 1 0
github.com/go-diskimages/diskimage/cmd/diskimage/exec/exec_cmd_ntfs.go:60.2,60.14 1 1
github.com/go-diskimages/diskimage/cmd/diskimage/exec/exec_cmd_ntfs.go:60.14,62.3 1 1
github.com/go-diskimages/diskimage/cmd/diskimage/exec/exec_cmd_ntfs.go:63.2,63.12 1 1
github.com/go-diskimages/diskimage/cmd/diskimage/exec/exec_cmd_ntfs.go:68.97,70.16 2 1
github.com/go-diskimages/diskimage/cmd/diskimage/exec/exec_cmd_ntfs.go:70.16,72.3 1 0
github.com/go-diskimages/diskimage/cmd/diskimage/exec/exec_cmd_ntfs.go:73.2,77.14 3 1
github.com/go-diskimages/diskimage/cmd/diskimage/exec/exec_cmd_ntfs.go:77.14,78.12 1 1
github.com/go-diskimages/diskimage/cmd/diskimage/exec/exec_cmd_ntfs.go:78.12,80.4 1 0
github.com/go-diskimages/diskimage/cmd/diskimage/exec/exec_cmd_ntfs.go:80.9,82.4 1 1
github.com/go-diskimages/diskimage/cmd/diskimage/exec/exec_cmd_ntfs.go:83.3,83.16 1 1
github.com/go-diskimages/diskimage/cmd/diskimage/exec/exec_cmd_ntfs.go:83.16,90.29 6 0
github.com/go-diskimages/diskimage/cmd/diskimage/exec/exec_cmd_ntfs.go:90.29,92.14 2 0
github.com/go-diskimages/diskimage/cmd/diskimage/exec/exec_cmd_ntfs.go:92.14,95.6 2 0
github.com/go-diskimages/diskimage/cmd/diskimage/exec/exec_cmd_ntfs.go:95.11,98.6 2 0
github.com/go-diskimages/diskimage/cmd/diskimage/exec/exec_cmd_ntfs.go:99.5,99.28 1 0
github.com/go-diskimages/diskimage/cmd/diskimage/exec/exec_cmd_ntfs.go:99.28,101.6 1 0
github.com/go-diskimages/diskimage/cmd/diskimage/exec/exec_cmd_ntfs.go:102.5,102.27 1 0
github.com/go-diskimages/diskimage/cmd/diskimage/exec/exec_cmd_ntfs.go:102.27,104.6 1 0
github.com/go-diskimages/diskimage/cmd/diskimage/exec/exec_cmd_ntfs.go:105.5,105.29 1 0
github.com/go-diskimages/diskimage/cmd/diskimage/exec/exec_cmd_ntfs.go:105.29,107.6 1 0
github.com/go-diskimages/diskimage/cmd/diskimage/exec/exec_cmd_ntfs.go:108.5,108.60 1 0
github.com/go-diskimages/diskimage/cmd/diskimage/exec/exec_cmd_ntfs.go:110.4,111.27 2 0
github.com/go-diskimages/diskimage/cmd/diskimage/exec/exec_cmd_ntfs.go:111.27,113.5 1 0
github.com/go-diskimages/diskimage/cmd/diskimage/exec/exec_cmd_ntfs.go:117.2,117.37 1 1
github.com/go-diskimages/diskimage/cmd/diskimage/exec/exec_cmd_ntfs.go:117.37,119.3 1 0
github.com/go-diskimages/diskimage/cmd/diskimage/exec/exec_cmd_ntfs.go:122.2,123.14 2 1
github.com/go-diskimages/diskimage/cmd/diskimage/exec/exec_cmd_ntfs.go:123.14,124.12 1 1
github.com/go-diskimages/diskimage/cmd/diskimage/exec/exec_cmd_ntfs.go:124.12,126.4 1 0
github.com/go-diskimages/diskimage/cmd/diskimage/exec/exec_cmd_ntfs.go:126.9,128.4 1 1
github.com/go-diskimages/diskimage/cmd/diskimage/exec/exec_cmd_ntfs.go:129.3,129.16 1 1
github.com/go-diskimages/diskimage/cmd/diskimage/exec/exec_cmd_ntfs.go:129.16,136.29 6 0
github.com/go-diskimages/diskimage/cmd/diskimage/exec/exec_cmd_ntfs.go:136.29,138.14 2 0
github.com/go-diskimages/diskimage/cmd/diskimage/exec/exec_cmd_ntfs.go:138.14,141.6 2 0
github.com/go-diskimages/diskimage/cmd/diskimage/exec/exec_cmd_ntfs.go:141.11,144.6 2 0
github.com/go-diskimages/diskimage/cmd/diskimage/exec/exec_cmd_ntfs.go:145.5,145.28 1 0
github.com/go-diskimages/diskimage/cmd/diskimage/exec/exec_cmd_ntfs.go:145.28,147.6 1 0
github.com/go-diskimages/diskimage/cmd/diskimage/exec/exec_cmd_ntfs.go:148.5,148.27 1 0
github.com/go-diskimages/diskimage/cmd/diskimage/exec/exec_cmd_ntfs.go:148.27,150.6 1 0
github.com/go-diskimages/diskimage/cmd/diskimage/exec/exec_cmd_ntfs.go:151.5,151.29 1 0
github.com/go-diskimages/diskimage/cmd/diskimage/exec/exec_cmd_ntfs.go:151.29,153.6 1 0
github.com/go-diskimages/diskimage/cmd/diskimage/exec/exec_cmd_ntfs.go:154.5,154.60 1 0
github.com/go-diskimages/diskimage/cmd/diskimage/exec/exec_cmd_ntfs.go:156.4,157.27 2 0
github.com/go-diskimages/diskimage/cmd/diskimage/exec/exec_cmd_ntfs.go:157.27,159.5 1 0
github.com/go-diskimages/diskimage/cmd/diskimage/exec/exec_cmd_ntfs.go:161.3,161.31 1 1
github.com/go-diskimages/diskimage/cmd/diskimage/exec/exec_cmd_ntfs.go:163.2,163.12 1 1
github.com/go-diskimages/diskimage/cmd/diskimage/exec/exec_cmd_part.go:21.57,23.16 2 23
github.com/go-diskimages/diskimage/cmd/diskimage/exec/exec_cmd_part.go:23.16,25.3 1 0
github.com/go-diskimages/diskimage/cmd/diskimage/exec/exec_cmd_part.go:26.2,30.69 3 23
github.com/go-diskimages/diskimage/cmd/diskimage/exec/exec_cmd_part.go:30.69,32.17 2 7
github.com/go-diskimages/diskimage/cmd/diskimage/exec/exec_cmd_part.go:32.17,34.4 1 0
github.com/go-diskimages/diskimage/cmd/diskimage/exec/exec_cmd_part.go:35.3,35.22 1 7
github.com/go-diskimages/diskimage/cmd/diskimage/exec/exec_cmd_part.go:35.22,38.4 2 0
github.com/go-diskimages/diskimage/cmd/diskimage/exec/exec_cmd_part.go:39.3,40.27 2 7
github.com/go-diskimages/diskimage/cmd/diskimage/exec/exec_cmd_part.go:40.27,42.4 1 7
github.com/go-diskimages/diskimage/cmd/diskimage/exec/exec_cmd_part.go:43.3,43.13 1 7
github.com/go-diskimages/diskimage/cmd/diskimage/exec/exec_cmd_part.go:47.2,48.79 2 16
github.com/go-diskimages/diskimage/cmd/diskimage/exec/exec_cmd_part.go:48.79,50.17 2 9
github.com/go-diskimages/diskimage/cmd/diskimage/exec/exec_cmd_part.go:50.17,52.4 1 0
github.com/go-diskimages/diskimage/cmd/diskimage/exec/exec_cmd_part.go:53.3,53.22 1 9
github.com/go-diskimages/diskimage/cmd/diskimage/exec/exec_cmd_part.go:53.22,56.4 2 2
github.com/go-diskimages/diskimage/cmd/diskimage/exec/exec_cmd_part.go:57.3,58.27 2 7
github.com/go-diskimages/diskimage/cmd/diskimage/exec/exec_cmd_part.go:58.27,60.4 1 7
github.com/go-diskimages/diskimage/cmd/diskimage/exec/exec_cmd_part.go:61.3,61.13 1 7
github.com/go-diskimages/diskimage/cmd/diskimage/exec/exec_cmd_part.go:64.2,65.12 2 7
github.com/go-diskimages/diskimage/cmd/diskimage/exec/exec_cmd_part.go:68.53,70.48 2 9
github.com/go-diskimages/diskimage/cmd/diskimage/exec/exec_cmd_part.go:70.48,72.3 1 0
github.com/go-diskimages/diskimage/cmd/diskimage/exec/exec_cmd_part.go:73.2,74.25 2 9
github.com/go-diskimages/diskimage/cmd/diskimage/exec/exec_cmd_part.go:74.25,78.31 4 36
github.com/go-diskimages/diskimage/cmd/diskimage/exec/exec_cmd_part.go:78.31,79.12 1 29
github.com/go-diskimages/diskimage/cmd/diskimage/exec/exec_cmd_part.go:81.3,86.5 1 7
github.com/go-diskimages/diskimage/cmd/diskimage/exec/exec_cmd_part.go:88.2,88.19 1 9
github.com/go-diskimages/diskimage/cmd/diskimage/exec/exec_cmd_part.go:91.53,93.46 2 7
github.com/go-diskimages/diskimage/cmd/diskimage/exec/exec_cmd_part.go:93.46,95.3 1 0
github.com/go-diskimages/diskimage/cmd/diskimage/exec/exec_cmd_part.go:96.2,103.40 7 7
github.com/go-diskimages/diskimage/cmd/diskimage/exec/exec_cmd_part.go:103.40,104.78 1 896
github.com/go-diskimages/diskimage/cmd/diskimage/exec/exec_cmd_part.go:104.78,105.9 1 0
github.com/go-diskimages/diskimage/cmd/diskimage/exec/exec_cmd_part.go:107.3,109.31 3 896
github.com/go-diskimages/diskimage/cmd/diskimage/exec/exec_cmd_part.go:109.31,110.12 1 889
github.com/go-diskimages/diskimage/cmd/diskimage/exec/exec_cmd_part.go:112.3,114.29 3 7
github.com/go-diskimages/diskimage/cmd/diskimage/exec/exec_cmd_part.go:114.29,115.12 1 0
github.com/go-diskimages/diskimage/cmd/diskimage/exec/exec_cmd_part.go:117.3,123.5 2 7
github.com/go-diskimages/diskimage/cmd/diskimage/exec/exec_cmd_part.go:125.2,125.19 1 7
github.com/go-diskimages/diskimage/cmd/diskimage/exec/exec_cmd_uefi.go:24.67,26.2 1 0
github.com/go-diskimages/diskimage/cmd/diskimage/exec/exec_cmd_uefi.go:30.111,32.14 2 20
github.com/go-diskimages/diskimage/cmd/diskimage/exec/exec_cmd_uefi.go:32.14,34.3 1 20
github.com/go-diskimages/diskimage/cmd/diskimage/exec/exec_cmd_uefi.go:35.2,35.13 1 20
github.com/go-diskimages/diskimage/cmd/diskimage/exec/exec_cmd_uefi.go:46.71,47.19 1 12
github.com/go-diskimages/diskimage/cmd/diskimage/exec/exec_cmd_uefi.go:47.19,49.3 1 0
github.com/go-diskimages/diskimage/cmd/diskimage/exec/exec_cmd_uefi.go:50.2,50.16 1 12
github.com/go-diskimages/diskimage/cmd/diskimage/exec/exec_cmd_uefi.go:50.16,52.3 1 2
github.com/go-diskimages/diskimage/cmd/diskimage/exec/exec_cmd_uefi.go:53.2,53.17 1 10
github.com/go-diskimages/diskimage/cmd/diskimage/exec/exec_cmd_uefi.go:54.14,55.49 1 3
github.com/go-diskimages/diskimage/cmd/diskimage/exec/exec_cmd_uefi.go:56.13,57.20 1 2
github.com/go-diskimages/diskimage/cmd/diskimage/exec/exec_cmd_uefi.go:57.20,59.4 1 0
github.com/go-diskimages/diskimage/cmd/diskimage/exec/exec_cmd_uefi.go:60.3,60.57 1 2
github.com/go-diskimages/diskimage/cmd/diskimage/exec/exec_cmd_uefi.go:61.13,62.66 1 3
github.com/go-diskimages/diskimage/cmd/diskimage/exec/exec_cmd_uefi.go:63.16,64.20 1 2
github.com/go-diskimages/diskimage/cmd/diskimage/exec/exec_cmd_uefi.go:64.20,66.4 1 0
github.com/go-diskimages/diskimage/cmd/diskimage/exec/exec_cmd_uefi.go:67.3,67.60 1 2
github.com/go-diskimages/diskimage/cmd/diskimage/exec/exec_cmd_uefi.go:68.10,69.65 1 0
github.com/go-diskimages/diskimage/cmd/diskimage/exec/exec_cmd_uefi.go:75.75,76.20 1 3
github.com/go-diskimages/diskimage/cmd/diskimage/exec/exec_cmd_uefi.go:76.20,78.3 1 0
github.com/go-diskimages/diskimage/cmd/diskimage/exec/exec_cmd_uefi.go:79.2,81.33 3 3
github.com/go-diskimages/diskimage/cmd/diskimage/exec/exec_cmd_uefi.go:81.33,82.10 1 3
github.com/go-diskimages/diskimage/cmd/diskimage/exec/exec_cmd_uefi.go:83.46,84.52 1 0
github.com/go-diskimages/diskimage/cmd/diskimage/exec/exec_cmd_uefi.go:85.47,87.7 2 3
github.com/go-diskimages/diskimage/cmd/diskimage/exec/exec_cmd_uefi.go:90.2,90.46 1 3
github.com/go-diskimages/diskimage/cmd/diskimage/exec/exec_cmd_uefi.go:94.53,96.16 2 3
github.com/go-diskimages/diskimage/cmd/diskimage/exec/exec_cmd_uefi.go:96.16,98.3 1 1
github.com/go-diskimages/diskimage/cmd/diskimage/exec/exec_cmd_uefi.go:99.2,101.20 3 2
github.com/go-diskimages/diskimage/cmd/diskimage/exec/exec_cmd_uefi.go:101.20,104.3 2 1
github.com/go-diskimages/diskimage/cmd/diskimage/exec/exec_cmd_uefi.go:105.2,106.25 2 1
github.com/go-diskimages/diskimage/cmd/diskimage/exec/exec_cmd_uefi.go:106.25,108.3 1 2
github.com/go-diskimages/diskimage/cmd/diskimage/exec/exec_cmd_uefi.go:109.2,109.12 1 1
github.com/go-diskimages/diskimage/cmd/diskimage/exec/exec_cmd_uefi.go:113.58,115.16 2 2
github.com/go-diskimages/diskimage/cmd/diskimage/exec/exec_cmd_uefi.go:115.16,117.3 1 0
github.com/go-diskimages/diskimage/cmd/diskimage/exec/exec_cmd_uefi.go:118.2,120.16 3 2
github.com/go-diskimages/diskimage/cmd/diskimage/exec/exec_cmd_uefi.go:120.16,122.3 1 1
github.com/go-diskimages/diskimage/cmd/diskimage/exec/exec_cmd_uefi.go:123.2,124.12 2 1
github.com/go-diskimages/diskimage/cmd/diskimage/exec/exec_cmd_uefi.go:128.67,130.16 2 3
github.com/go-diskimages/diskimage/cmd/diskimage/exec/exec_cmd_uefi.go:130.16,132.3 1 1
github.com/go-diskimages/diskimage/cmd/diskimage/exec/exec_cmd_uefi.go:133.2,134.16 2 2
github.com/go-diskimages/diskimage/cmd/diskimage/exec/exec_cmd_uefi.go:134.16,136.3 1 0
github.com/go-diskimages/diskimage/cmd/diskimage/exec/exec_cmd_uefi.go:137.2,143.17 2 2
github.com/go-diskimages/diskimage/cmd/diskimage/exec/exec_cmd_uefi.go:143.17,145.3 1 1
github.com/go-diskimages/diskimage/cmd/diskimage/exec/exec_cmd_uefi.go:146.2,147.12 2 1
github.com/go-diskimages/diskimage/cmd/diskimage/exec/exec_cmd_uefi.go:151.61,153.16 2 2
github.com/go-diskimages/diskimage/cmd/diskimage/exec/exec_cmd_uefi.go:153.16,155.3 1 0
github.com/go-diskimages/diskimage/cmd/diskimage/exec/exec_cmd_uefi.go:156.2,157.77 2 2
github.com/go-diskimages/diskimage/cmd/diskimage/exec/exec_cmd_uefi.go:157.77,159.3 1 1
github.com/go-diskimages/diskimage/cmd/diskimage/exec/exec_cmd_uefi.go:160.2,161.12 2 1
github.com/go-diskimages/diskimage/cmd/diskimage/exec/exec_cmd_uefi.go:166.59,168.44 2 5
github.com/go-diskimages/diskimage/cmd/diskimage/exec/exec_cmd_uefi.go:168.44,170.3 1 2
github.com/go-diskimages/diskimage/cmd/diskimage/exec/exec_cmd_uefi.go:171.2,171.50 1 5
github.com/go-diskimages/diskimage/cmd/diskimage/exec/exec_cmd_uefi.go:171.50,173.3 1 4
github.com/go-diskimages/diskimage/cmd/diskimage/exec/exec_cmd_uefi.go:174.2,174.46 1 5
github.com/go-diskimages/diskimage/cmd/diskimage/exec/exec_cmd_uefi.go:174.46,176.3 1 2
github.com/go-diskimages/diskimage/cmd/diskimage/exec/exec_cmd_uefi.go:177.2,177.21 1 5
github.com/go-diskimages/diskimage/cmd/diskimage/exec/exec_cmd_uefi.go:177.21,179.3 1 1
github.com/go-diskimages/diskimage/cmd/diskimage/exec/exec_cmd_uefi.go:180.2,180.33 1 4
github.com/go-diskimages/diskimage/cmd/diskimage/exec/exec_cmd_xfs.go:16.69,18.16 2 11
github.com/go-diskimages/diskimage/cmd/diskimage/exec/exec_cmd_xfs.go:18.16,20.3 1 1
github.com/go-diskimages/diskimage/cmd/diskimage/exec/exec_cmd_xfs.go:21.2,21.31 1 10
github.com/go-diskimages/diskimage/cmd/diskimage/exec/exec_cmd_xfs.go:21.31,23.3 1 0
github.com/go-diskimages/diskimage/cmd/diskimage/exec/exec_cmd_xfs.go:24.2,25.16 2 10
github.com/go-diskimages/diskimage/cmd/diskimage/exec/exec_cmd_xfs.go:25.16,27.3 1 0
github.com/go-diskimages/diskimage/cmd/diskimage/exec/exec_cmd_xfs.go:28.2,28.16 1 10
github.com/go-diskimages/diskimage/cmd/diskimage/exec/exec_cmd_xfs.go:33.91,35.16 2 3
github.com/go-diskimages/diskimage/cmd/diskimage/exec/exec_cmd_xfs.go:35.16,37.3 1 1
github.com/go-diskimages/diskimage/cmd/diskimage/exec/exec_cmd_xfs.go:38.2,39.16 2 2
github.com/go-diskimages/diskimage/cmd/diskimage/exec/exec_cmd_xfs.go:39.16,41.3 1 1
github.com/go-diskimages/diskimage/cmd/diskimage/exec/exec_cmd_xfs.go:42.2,43.45 2 1
github.com/go-diskimages/diskimage/cmd/diskimage/exec/exec_cmd_xfs.go:43.45,45.3 1 0
github.com/go-diskimages/diskimage/cmd/diskimage/exec/exec_cmd_xfs.go:46.2,46.14 1 1
github.com/go-diskimages/diskimage/cmd/diskimage/exec/exec_cmd_xfs.go:46.14,48.3 1 1
github.com/go-diskimages/diskimage/cmd/diskimage/exec/exec_cmd_xfs.go:49.2,49.12 1 1
github.com/go-diskimages/diskimage/cmd/diskimage/exec/exec_cmd_xfs.go:53.98,55.16 2 2
github.com/go-diskimages/diskimage/cmd/diskimage/exec/exec_cmd_xfs.go:55.16,57.3 1 1
github.com/go-diskimages/diskimage/cmd/diskimage/exec/exec_cmd_xfs.go:58.2,59.16 2 1
github.com/go-diskimages/diskimage/cmd/diskimage/exec/exec_cmd_xfs.go:59.16,61.3 1 0
github.com/go-diskimages/diskimage/cmd/diskimage/exec/exec_cmd_xfs.go:62.2,63.16 2 1
github.com/go-diskimages/diskimage/cmd/diskimage/exec/exec_cmd_xfs.go:63.16,65.3 1 0
github.com/go-diskimages/diskimage/cmd/diskimage/exec/exec_cmd_xfs.go:66.2,67.69 2 1
github.com/go-diskimages/diskimage/cmd/diskimage/exec/exec_cmd_xfs.go:67.69,69.3 1 0
github.com/go-diskimages/diskimage/cmd/diskimage/exec/exec_cmd_xfs.go:70.2,70.14 1 1
github.com/go-diskimages/diskimage/cmd/diskimage/exec/exec_cmd_xfs.go:70.14,72.3 1 1
github.com/go-diskimages/diskimage/cmd/diskimage/exec/exec_cmd_xfs.go:73.2,73.12 1 1
github.com/go-diskimages/diskimage/cmd/diskimage/exec/exec_cmd_xfs.go:78.104,80.16 2 1
github.com/go-diskimages/diskimage/cmd/diskimage/exec/exec_cmd_xfs.go:80.16,82.3 1 1
github.com/go-diskimages/diskimage/cmd/diskimage/exec/exec_cmd_xfs.go:83.2,84.16 2 0
github.com/go-diskimages/diskimage/cmd/diskimage/exec/exec_cmd_xfs.go:84.16,86.3 1 0
github.com/go-diskimages/diskimage/cmd/diskimage/exec/exec_cmd_xfs.go:87.2,88.16 2 0
github.com/go-diskimages/diskimage/cmd/diskimage/exec/exec_cmd_xfs.go:88.16,90.3 1 0
github.com/go-diskimages/diskimage/cmd/diskimage/exec/exec_cmd_xfs.go:91.2,92.101 2 0
github.com/go-diskimages/diskimage/cmd/diskimage/exec/exec_cmd_xfs.go:92.101,94.3 1 0
github.com/go-diskimages/diskimage/cmd/diskimage/exec/exec_cmd_xfs.go:95.2,95.14 1 0
github.com/go-diskimages/diskimage/cmd/diskimage/exec/exec_cmd_xfs.go:95.14,97.3 1 0
github.com/go-diskimages/diskimage/cmd/diskimage/exec/exec_cmd_xfs.go:98.2,98.12 1 0
github.com/go-diskimages/diskimage/cmd/diskimage/exec/exec_cmd_xfs.go:103.93,105.16 2 1
github.com/go-diskimages/diskimage/cmd/diskimage/exec/exec_cmd_xfs.go:105.16,107.3 1 0
github.com/go-diskimages/diskimage/cmd/diskimage/exec/exec_cmd_xfs.go:108.2,109.50 2 1
github.com/go-diskimages/diskimage/cmd/diskimage/exec/exec_cmd_xfs.go:109.50,111.3 1 0
github.com/go-diskimages/diskimage/cmd/diskimage/exec/exec_cmd_xfs.go:112.2,112.14 1 1
github.com/go-diskimages/diskimage/cmd/diskimage/exec/exec_cmd_xfs.go:112.14,114.3 1 1
github.com/go-diskimages/diskimage/cmd/diskimage/exec/exec_cmd_xfs.go:115.2,115.12 1 1
github.com/go-diskimages/diskimage/cmd/diskimage/exec/exec_cmd_xfs.go:120.96,122.16 2 1
github.com/go-diskimages/diskimage/cmd/diskimage/exec/exec_cmd_xfs.go:122.16,124.3 1 0
github.com/go-diskimages/diskimage/cmd/diskimage/exec/exec_cmd_xfs.go:125.2,126.53 2 1
github.com/go-diskimages/diskimage/cmd/diskimage/exec/exec_cmd_xfs.go:126.53,128.3 1 0
github.com/go-diskimages/diskimage/cmd/diskimage/exec/exec_cmd_xfs.go:129.2,129.14 1 1
github.com/go-diskimages/diskimage/cmd/diskimage/exec/exec_cmd_xfs.go:129.14,131.3 1 1
github.com/go-diskimages/diskimage/cmd/diskimage/exec/exec_cmd_xfs.go:132.2,132.12 1 1
github.com/go-diskimages/diskimage/cmd/diskimage/exec/exec_cmd_xfs.go:137.94,139.16 2 2
github.com/go-diskimages/diskimage/cmd/diskimage/exec/exec_cmd_xfs.go:139.16,141.3 1 1
github.com/go-diskimages/diskimage/cmd/diskimage/exec/exec_cmd_xfs.go:142.2,143.16 2 1
github.com/go-diskimages/diskimage/cmd/diskimage/exec/exec_cmd_xfs.go:143.16,145.3 1 0
github.com/go-diskimages/diskimage/cmd/diskimage/exec/exec_cmd_xfs.go:146.2,147.53 2 1
github.com/go-diskimages/diskimage/cmd/diskimage/exec/exec_cmd_xfs.go:147.53,149.3 1 0
github.com/go-diskimages/diskimage/cmd/diskimage/exec/exec_cmd_xfs.go:150.2,150.14 1 1
github.com/go-diskimages/diskimage/cmd/diskimage/exec/exec_cmd_xfs.go:150.14,152.3 1 1
github.com/go-diskimages/diskimage/cmd/diskimage/exec/exec_cmd_xfs.go:153.2,153.12 1 1
github.com/go-diskimages/diskimage/cmd/diskimage/exec/exec_cmd_xfs.go:158.72,160.16 2 2
github.com/go-diskimages/diskimage/cmd/diskimage/exec/exec_cmd_xfs.go:160.16,162.3 1 0
github.com/go-diskimages/diskimage/cmd/diskimage/exec/exec_cmd_xfs.go:163.2,164.14 2 2
github.com/go-diskimages/diskimage/cmd/diskimage/exec/exec_cmd_xfs.go:164.14,166.3 1 2
github.com/go-diskimages/diskimage/cmd/diskimage/exec/exec_cmd_xfs.go:167.2,167.12 1 2
github.com/go-diskimages/diskimage/cmd/diskimage/exec/exec_cmd_xfs.go:172.89,174.16 2 2
github.com/go-diskimages/diskimage/cmd/diskimage/exec/exec_cmd_xfs.go:174.16,176.3 1 0
github.com/go-diskimages/diskimage/cmd/diskimage/exec/exec_cmd_xfs.go:177.2,178.46 2 2
github.com/go-diskimages/diskimage/cmd/diskimage/exec/exec_cmd_xfs.go:178.46,180.3 1 1
github.com/go-diskimages/diskimage/cmd/diskimage/exec/exec_cmd_xfs.go:181.2,181.14 1 1
github.com/go-diskimages/diskimage/cmd/diskimage/exec/exec_cmd_xfs.go:181.14,183.3 1 1
github.com/go-diskimages/diskimage/cmd/diskimage/exec/exec_cmd_xfs.go:184.2,184.12 1 1
github.com/go-diskimages/diskimage/cmd/diskimage/exec/exec_cmd_xfs.go:189.89,191.16 2 1
github.com/go-diskimages/diskimage/cmd/diskimage/exec/exec_cmd_xfs.go:191.16,193.3 1 0
github.com/go-diskimages/diskimage/cmd/diskimage/exec/exec_cmd_xfs.go:194.2,196.16 3 1
github.com/go-diskimages/diskimage/cmd/diskimage/exec/exec_cmd_xfs.go:196.16,198.3 1 0
github.com/go-diskimages/diskimage/cmd/diskimage/exec/exec_cmd_xfs.go:199.2,199.14 1 1
github.com/go-diskimages/diskimage/cmd/diskimage/exec/exec_cmd_xfs.go:199.14,201.3 1 0
github.com/go-diskimages/diskimage/cmd/diskimage/exec/exec_cmd_xfs.go:202.2,203.9 2 1
github.com/go-diskimages/diskimage/cmd/diskimage/exec/exec_cmd_xfs.go:204.18,205.21 1 0
github.com/go-diskimages/diskimage/cmd/diskimage/exec/exec_cmd_xfs.go:206.22,207.19 1 0
github.com/go-diskimages/diskimage/cmd/diskimage/exec/exec_cmd_xfs.go:209.2,221.12 13 1
github.com/go-diskimages/diskimage/cmd/diskimage/exec/exec_cmd_xfs.go:227.86,229.16 2 0
github.com/go-diskimages/diskimage/cmd/diskimage/exec/exec_cmd_xfs.go:229.16,231.3 1 0
github.com/go-diskimages/diskimage/cmd/diskimage/exec/exec_cmd_xfs.go:233.2,234.16 2 0
github.com/go-diskimages/diskimage/cmd/diskimage/exec/exec_cmd_xfs.go:234.16,236.3 1 0
github.com/go-diskimages/diskimage/cmd/diskimage/exec/exec_cmd_xfs.go:237.2,239.45 2 0
github.com/go-diskimages/diskimage/cmd/diskimage/exec/exec_cmd_xfs.go:239.45,241.3 1 0
github.com/go-diskimages/diskimage/cmd/diskimage/exec/exec_cmd_xfs.go:242.2,242.14 1 0
github.com/go-diskimages/diskimage/cmd/diskimage/exec/exec_cmd_xfs.go:242.14,244.3 1 0
github.com/go-diskimages/diskimage/cmd/diskimage/exec/exec_cmd_xfs.go:245.2,245.12 1 0
github.com/go-diskimages/diskimage/cmd/diskimage/exec/exec_cmd_xfs.go:249.41,251.13 2 5
github.com/go-diskimages/diskimage/cmd/diskimage/exec/exec_cmd_xfs.go:251.13,253.3 1 0
github.com/go-diskimages/diskimage/cmd/diskimage/exec/exec_cmd_xfs.go:254.2,264.26 4 5
github.com/go-diskimages/diskimage/cmd/diskimage/exec/exec_cmd_xfs.go:264.26,266.3 1 65
github.com/go-diskimages/diskimage/cmd/diskimage/exec/exec_cmd_xfs.go:267.2,267.33 1 5
github.com/go-diskimages/diskimage/cmd/diskimage/exec/exec_cmd_xfs.go:267.33,268.59 1 60
github.com/go-diskimages/diskimage/cmd/diskimage/exec/exec_cmd_xfs.go:268.59,270.4 1 108
github.com/go-diskimages/diskimage/cmd/diskimage/exec/exec_cmd_xfs.go:272.2,272.27 1 5
github.com/go-diskimages/diskimage/cmd/diskimage/exec/exec_cmd_xfs.go:272.27,273.36 1 58
github.com/go-diskimages/diskimage/cmd/diskimage/exec/exec_cmd_xfs.go:273.36,276.18 3 3
github.com/go-diskimages/diskimage/cmd/diskimage/exec/exec_cmd_xfs.go:276.18,278.5 1 0
github.com/go-diskimages/diskimage/cmd/diskimage/exec/exec_cmd_xfs.go:279.4,279.14 1 3
github.com/go-diskimages/diskimage/cmd/diskimage/exec/exec_cmd_xfs.go:279.14,281.5 1 0
github.com/go-diskimages/diskimage/cmd/diskimage/exec/exec_cmd_xfs.go:282.4,282.33 1 3
github.com/go-diskimages/diskimage/cmd/diskimage/exec/exec_cmd_xfs.go:285.2,286.16 2 2
github.com/go-diskimages/diskimage/cmd/diskimage/exec/exec_cmd_xfs.go:286.16,288.3 1 2
github.com/go-diskimages/diskimage/cmd/diskimage/exec/exec_cmd_xfs.go:289.2,289.12 1 0
github.com/go-diskimages/diskimage/cmd/diskimage/exec/exec_cmd_xfs.go:289.12,291.3 1 0
github.com/go-diskimages/diskimage/cmd/diskimage/exec/exec_cmd_xfs.go:292.2,292.15 1 0
github.com/go-diskimages/diskimage/cmd/diskimage/exec/exec_cmd_zfs.go:27.71,29.16 2 6
github.com/go-diskimages/diskimage/cmd/diskimage/exec/exec_cmd_zfs.go:29.16,31.3 1 0
github.com/go-diskimages/diskimage/cmd/diskimage/exec/exec_cmd_zfs.go:32.2,32.15 1 6
github.com/go-diskimages/diskimage/cmd/diskimage/exec/exec_cmd_zfs.go:37.139,39.14 2 8
github.com/go-diskimages/diskimage/cmd/diskimage/exec/exec_cmd_zfs.go:39.14,41.3 1 8
github.com/go-diskimages/diskimage/cmd/diskimage/exec/exec_cmd_zfs.go:42.2,42.13 1 8
github.com/go-diskimages/diskimage/cmd/diskimage/exec/exec_cmd_zfs.go:47.54,48.19 1 0
github.com/go-diskimages/diskimage/cmd/diskimage/exec/exec_cmd_zfs.go:48.19,50.3 1 0
github.com/go-diskimages/diskimage/cmd/diskimage/exec/exec_cmd_zfs.go:51.2,53.35 3 0
github.com/go-diskimages/diskimage/cmd/diskimage/exec/exec_cmd_zfs.go:53.35,55.3 1 0
github.com/go-diskimages/diskimage/cmd/diskimage/exec/exec_cmd_zfs.go:56.2,57.60 2 0
github.com/go-diskimages/diskimage/cmd/diskimage/exec/exec_cmd_zfs.go:57.60,59.3 1 0
github.com/go-diskimages/diskimage/cmd/diskimage/exec/exec_cmd_zfs.go:60.2,64.27 4 0
github.com/go-diskimages/diskimage/cmd/diskimage/exec/exec_cmd_zfs.go:64.27,66.3 1 0
github.com/go-diskimages/diskimage/cmd/diskimage/exec/exec_cmd_zfs.go:67.2,71.13 4 0
github.com/go-diskimages/diskimage/cmd/diskimage/exec/exec_cmd_zfs.go:72.10,73.28 1 0
github.com/go-diskimages/diskimage/cmd/diskimage/exec/exec_cmd_zfs.go:73.28,75.4 1 0
github.com/go-diskimages/diskimage/cmd/diskimage/exec/exec_cmd_zfs.go:76.3,77.35 2 0
github.com/go-diskimages/diskimage/cmd/diskimage/exec/exec_cmd_zfs.go:77.35,79.4 1 0
github.com/go-diskimages/diskimage/cmd/diskimage/exec/exec_cmd_zfs.go:80.3,81.23 2 0
github.com/go-diskimages/diskimage/cmd/diskimage/exec/exec_cmd_zfs.go:82.10,83.43 1 0
github.com/go-diskimages/diskimage/cmd/diskimage/exec/exec_cmd_zfs.go:83.43,86.4 2 0
github.com/go-diskimages/diskimage/cmd/diskimage/exec/exec_cmd_zfs.go:87.10,88.12 1 0
github.com/go-diskimages/diskimage/cmd/diskimage/exec/exec_cmd_zfs.go:90.2,90.22 1 0
github.com/go-diskimages/diskimage/cmd/diskimage/exec/exec_cmd_zfs.go:95.60,96.17 1 6
github.com/go-diskimages/diskimage/cmd/diskimage/exec/exec_cmd_zfs.go:96.17,98.3 1 0
github.com/go-diskimages/diskimage/cmd/diskimage/exec/exec_cmd_zfs.go:100.2,102.6 3 6
github.com/go-diskimages/diskimage/cmd/diskimage/exec/exec_cmd_zfs.go:102.6,103.21 1 6
github.com/go-diskimages/diskimage/cmd/diskimage/exec/exec_cmd_zfs.go:103.21,104.9 1 0
github.com/go-diskimages/diskimage/cmd/diskimage/exec/exec_cmd_zfs.go:106.3,107.19 2 6
github.com/go-diskimages/diskimage/cmd/diskimage/exec/exec_cmd_zfs.go:107.19,108.9 1 6
github.com/go-diskimages/diskimage/cmd/diskimage/exec/exec_cmd_zfs.go:111.3,112.45 2 0
github.com/go-diskimages/diskimage/cmd/diskimage/exec/exec_cmd_zfs.go:112.45,113.9 1 0
github.com/go-diskimages/diskimage/cmd/diskimage/exec/exec_cmd_zfs.go:115.3,116.45 2 0
github.com/go-diskimages/diskimage/cmd/diskimage/exec/exec_cmd_zfs.go:116.45,118.4 1 0
github.com/go-diskimages/diskimage/cmd/diskimage/exec/exec_cmd_zfs.go:119.3,119.21 1 0
github.com/go-diskimages/diskimage/cmd/diskimage/exec/exec_cmd_zfs.go:121.2,121.17 1 6
github.com/go-diskimages/diskimage/cmd/diskimage/exec/exec_cmd_zfs.go:125.47,128.30 3 4
github.com/go-diskimages/diskimage/cmd/diskimage/exec/exec_cmd_zfs.go:128.30,130.17 2 4
github.com/go-diskimages/diskimage/cmd/diskimage/exec/exec_cmd_zfs.go:130.17,132.4 1 0
github.com/go-diskimages/diskimage/cmd/diskimage/exec/exec_cmd_zfs.go:133.3,133.29 1 4
github.com/go-diskimages/diskimage/cmd/diskimage/exec/exec_cmd_zfs.go:133.29,136.16 3 4
github.com/go-diskimages/diskimage/cmd/diskimage/exec/exec_cmd_zfs.go:136.16,138.5 1 4
github.com/go-diskimages/diskimage/cmd/diskimage/exec/exec_cmd_zfs.go:138.10,140.5 1 0
github.com/go-diskimages/diskimage/cmd/diskimage/exec/exec_cmd_zfs.go:142.4,142.25 1 4
github.com/go-diskimages/diskimage/cmd/diskimage/exec/exec_cmd_zfs.go:142.25,143.36 1 0
github.com/go-diskimages/diskimage/cmd/diskimage/exec/exec_cmd_zfs.go:143.36,145.6 1 0
github.com/go-diskimages/diskimage/cmd/diskimage/exec/exec_cmd_zfs.go:146.10,148.19 2 4
github.com/go-diskimages/diskimage/cmd/diskimage/exec/exec_cmd_zfs.go:148.19,149.14 1 0
github.com/go-diskimages/diskimage/cmd/diskimage/exec/exec_cmd_zfs.go:151.5,151.23 1 4
github.com/go-diskimages/diskimage/cmd/diskimage/exec/exec_cmd_zfs.go:154.3,154.13 1 4
github.com/go-diskimages/diskimage/cmd/diskimage/exec/exec_cmd_zfs.go:156.2,156.34 1 4
github.com/go-diskimages/diskimage/cmd/diskimage/exec/exec_cmd_zfs.go:156.34,158.3 1 0
github.com/go-diskimages/diskimage/cmd/diskimage/exec/exec_cmd_zfs.go:159.2,159.19 1 4
github.com/go-diskimages/diskimage/cmd/diskimage/exec/exec_cmd_zfs.go:164.74,166.16 2 4
github.com/go-diskimages/diskimage/cmd/diskimage/exec/exec_cmd_zfs.go:166.16,168.3 1 0
github.com/go-diskimages/diskimage/cmd/diskimage/exec/exec_cmd_zfs.go:169.2,173.41 4 4
github.com/go-diskimages/diskimage/cmd/diskimage/exec/exec_cmd_zfs.go:173.41,177.69 4 4
github.com/go-diskimages/diskimage/cmd/diskimage/exec/exec_cmd_zfs.go:177.69,178.57 1 3
github.com/go-diskimages/diskimage/cmd/diskimage/exec/exec_cmd_zfs.go:178.57,179.34 1 3
github.com/go-diskimages/diskimage/cmd/diskimage/exec/exec_cmd_zfs.go:179.34,181.6 1 0
github.com/go-diskimages/diskimage/cmd/diskimage/exec/exec_cmd_zfs.go:184.3,184.12 1 4
github.com/go-diskimages/diskimage/cmd/diskimage/exec/exec_cmd_zfs.go:186.2,186.20 1 4
github.com/go-diskimages/diskimage/cmd/diskimage/exec/exec_cmd_zfs.go:186.20,188.3 1 4
github.com/go-diskimages/diskimage/cmd/diskimage/exec/exec_cmd_zfs.go:190.2,198.12 9 4
github.com/go-diskimages/diskimage/cmd/diskimage/exec/exec_cmd_zfs.go:203.70,205.16 2 4
github.com/go-diskimages/diskimage/cmd/diskimage/exec/exec_cmd_zfs.go:205.16,207.3 1 0
github.com/go-diskimages/diskimage/cmd/diskimage/exec/exec_cmd_zfs.go:208.2,212.41 4 4
github.com/go-diskimages/diskimage/cmd/diskimage/exec/exec_cmd_zfs.go:212.41,216.69 4 4
github.com/go-diskimages/diskimage/cmd/diskimage/exec/exec_cmd_zfs.go:216.69,217.57 1 3
github.com/go-diskimages/diskimage/cmd/diskimage/exec/exec_cmd_zfs.go:217.57,218.34 1 3
github.com/go-diskimages/diskimage/cmd/diskimage/exec/exec_cmd_zfs.go:218.34,220.6 1 0
github.com/go-diskimages/diskimage/cmd/diskimage/exec/exec_cmd_zfs.go:223.3,223.12 1 4
github.com/go-diskimages/diskimage/cmd/diskimage/exec/exec_cmd_zfs.go:225.2,225.20 1 4
github.com/go-diskimages/diskimage/cmd/diskimage/exec/exec_cmd_zfs.go:225.20,227.3 1 4
github.com/go-diskimages/diskimage/cmd/diskimage/exec/exec_cmd_zfs.go:229.2,231.42 3 4
github.com/go-diskimages/diskimage/cmd/diskimage/exec/exec_cmd_zfs.go:231.42,232.20 1 4
github.com/go-diskimages/diskimage/cmd/diskimage/exec/exec_cmd_zfs.go:232.20,234.4 1 0
github.com/go-diskimages/diskimage/cmd/diskimage/exec/exec_cmd_zfs.go:234.9,236.20 2 4
github.com/go-diskimages/diskimage/cmd/diskimage/exec/exec_cmd_zfs.go:236.20,238.5 1 3
github.com/go-diskimages/diskimage/cmd/diskimage/exec/exec_cmd_zfs.go:238.10,240.5 1 1
github.com/go-diskimages/diskimage/cmd/diskimage/exec/exec_cmd_zfs.go:244.2,246.12 3 4
github.com/go-diskimages/diskimage/cmd/diskimage/exec/exec_cmd_zfs.go:250.67,254.30 4 1
github.com/go-diskimages/diskimage/cmd/diskimage/exec/exec_cmd_zfs.go:254.30,255.17 1 1
github.com/go-diskimages/diskimage/cmd/diskimage/exec/exec_cmd_zfs.go:255.17,257.4 1 0
github.com/go-diskimages/diskimage/cmd/diskimage/exec/exec_cmd_zfs.go:258.3,260.17 3 1
github.com/go-diskimages/diskimage/cmd/diskimage/exec/exec_cmd_zfs.go:260.17,262.4 1 0
github.com/go-diskimages/diskimage/cmd/diskimage/exec/exec_cmd_zfs.go:263.3,263.29 1 1
github.com/go-diskimages/diskimage/cmd/diskimage/exec/exec_cmd_zfs.go:263.29,266.16 3 1
github.com/go-diskimages/diskimage/cmd/diskimage/exec/exec_cmd_zfs.go:266.16,268.5 1 1
github.com/go-diskimages/diskimage/cmd/diskimage/exec/exec_cmd_zfs.go:268.10,270.5 1 0
github.com/go-diskimages/diskimage/cmd/diskimage/exec/exec_cmd_zfs.go:271.4,271.25 1 1
github.com/go-diskimages/diskimage/cmd/diskimage/exec/exec_cmd_zfs.go:271.25,272.36 1 0
github.com/go-diskimages/diskimage/cmd/diskimage/exec/exec_cmd_zfs.go:272.36,274.6 1 0
github.com/go-diskimages/diskimage/cmd/diskimage/exec/exec_cmd_zfs.go:275.10,277.19 2 1
github.com/go-diskimages/diskimage/cmd/diskimage/exec/exec_cmd_zfs.go:277.19,278.14 1 0
github.com/go-diskimages/diskimage/cmd/diskimage/exec/exec_cmd_zfs.go:280.5,280.23 1 1
github.com/go-diskimages/diskimage/cmd/diskimage/exec/exec_cmd_zfs.go:283.3,283.13 1 1
github.com/go-diskimages/diskimage/cmd/diskimage/exec/exec_cmd_zfs.go:285.2,285.40 1 1
github.com/go-diskimages/diskimage/cmd/diskimage/exec/exec_cmd_zfs.go:285.40,287.3 1 0
github.com/go-diskimages/diskimage/cmd/diskimage/exec/exec_cmd_zfs.go:288.2,288.19 1 1
github.com/go-diskimages/diskimage/cmd/diskimage/exec/exec_cmd_zfs.go:295.90,297.16 2 1
github.com/go-diskimages/diskimage/cmd/diskimage/exec/exec_cmd_zfs.go:297.16,299.3 1 0
github.com/go-diskimages/diskimage/cmd/diskimage/exec/exec_cmd_zfs.go:300.2,304.41 4 1
github.com/go-diskimages/diskimage/cmd/diskimage/exec/exec_cmd_zfs.go:304.41,308.69 4 1
github.com/go-diskimages/diskimage/cmd/diskimage/exec/exec_cmd_zfs.go:308.69,309.57 1 0
github.com/go-diskimages/diskimage/cmd/diskimage/exec/exec_cmd_zfs.go:309.57,310.34 1 0
github.com/go-diskimages/diskimage/cmd/diskimage/exec/exec_cmd_zfs.go:310.34,312.6 1 0
github.com/go-diskimages/diskimage/cmd/diskimage/exec/exec_cmd_zfs.go:315.3,315.12 1 1
github.com/go-diskimages/diskimage/cmd/diskimage/exec/exec_cmd_zfs.go:317.2,317.20 1 1
github.com/go-diskimages/diskimage/cmd/diskimage/exec/exec_cmd_zfs.go:317.20,319.3 1 1
github.com/go-diskimages/diskimage/cmd/diskimage/exec/exec_cmd_zfs.go:324.2,325.25 2 1
github.com/go-diskimages/diskimage/cmd/diskimage/exec/exec_cmd_zfs.go:325.25,327.3 1 1
github.com/go-diskimages/diskimage/cmd/diskimage/exec/exec_cmd_zfs.go:327.8,327.53 1 0
github.com/go-diskimages/diskimage/cmd/diskimage/exec/exec_cmd_zfs.go:327.53,329.3 1 0
github.com/go-diskimages/diskimage/cmd/diskimage/exec/exec_cmd_zfs.go:329.8,329.43 1 0
github.com/go-diskimages/diskimage/cmd/diskimage/exec/exec_cmd_zfs.go:329.43,333.3 2 0
github.com/go-diskimages/diskimage/cmd/diskimage/exec/exec_cmd_zfs.go:333.8,335.3 1 0
github.com/go-diskimages/diskimage/cmd/diskimage/exec/exec_cmd_zfs.go:337.2,339.42 3 1
github.com/go-diskimages/diskimage/cmd/diskimage/exec/exec_cmd_zfs.go:339.42,341.19 2 1
github.com/go-diskimages/diskimage/cmd/diskimage/exec/exec_cmd_zfs.go:341.19,343.4 1 0
github.com/go-diskimages/diskimage/cmd/diskimage/exec/exec_cmd_zfs.go:343.9,345.4 1 1
github.com/go-diskimages/diskimage/cmd/diskimage/exec/exec_cmd_zfs.go:348.2,350.12 3 1
github.com/go-diskimages/diskimage/cmd/diskimage/exec/exec_cmd_zfs.go:357.104,359.16 2 1
github.com/go-diskimages/diskimage/cmd/diskimage/exec/exec_cmd_zfs.go:359.16,361.3 1 0
github.com/go-diskimages/diskimage/cmd/diskimage/exec/exec_cmd_zfs.go:362.2,367.41 4 1
github.com/go-diskimages/diskimage/cmd/diskimage/exec/exec_cmd_zfs.go:367.41,371.69 4 1
github.com/go-diskimages/diskimage/cmd/diskimage/exec/exec_cmd_zfs.go:371.69,372.57 1 0
github.com/go-diskimages/diskimage/cmd/diskimage/exec/exec_cmd_zfs.go:372.57,373.34 1 0
github.com/go-diskimages/diskimage/cmd/diskimage/exec/exec_cmd_zfs.go:373.34,375.6 1 0
github.com/go-diskimages/diskimage/cmd/diskimage/exec/exec_cmd_zfs.go:378.3,378.12 1 1
github.com/go-diskimages/diskimage/cmd/diskimage/exec/exec_cmd_zfs.go:380.2,380.20 1 1
github.com/go-diskimages/diskimage/cmd/diskimage/exec/exec_cmd_zfs.go:380.20,382.3 1 1
github.com/go-diskimages/diskimage/cmd/diskimage/exec/exec_cmd_zfs.go:384.2,385.25 2 1
github.com/go-diskimages/diskimage/cmd/diskimage/exec/exec_cmd_zfs.go:385.25,387.3 1 0
github.com/go-diskimages/diskimage/cmd/diskimage/exec/exec_cmd_zfs.go:387.8,387.53 1 1
github.com/go-diskimages/diskimage/cmd/diskimage/exec/exec_cmd_zfs.go:387.53,389.3 1 1
github.com/go-diskimages/diskimage/cmd/diskimage/exec/exec_cmd_zfs.go:389.8,389.43 1 0
github.com/go-diskimages/diskimage/cmd/diskimage/exec/exec_cmd_zfs.go:389.43,392.3 2 0
github.com/go-diskimages/diskimage/cmd/diskimage/exec/exec_cmd_zfs.go:392.8,394.3 1 0
github.com/go-diskimages/diskimage/cmd/diskimage/exec/exec_cmd_zfs.go:397.2,397.46 1 1
github.com/go-diskimages/diskimage/cmd/diskimage/exec/exec_cmd_zfs.go:397.46,399.3 1 0
github.com/go-diskimages/diskimage/cmd/diskimage/exec/exec_cmd_zfs.go:401.2,402.12 2 1
github.com/go-diskimages/diskimage/cmd/diskimage/exec/exec_cmd_zfs.go:408.88,410.16 2 0
github.com/go-diskimages/diskimage/cmd/diskimage/exec/exec_cmd_zfs.go:410.16,412.3 1 0
github.com/go-diskimages/diskimage/cmd/diskimage/exec/exec_cmd_zfs.go:413.2,417.41 4 0
github.com/go-diskimages/diskimage/cmd/diskimage/exec/exec_cmd_zfs.go:417.41,421.69 4 0
github.com/go-diskimages/diskimage/cmd/diskimage/exec/exec_cmd_zfs.go:421.69,422.57 1 0
github.com/go-diskimages/diskimage/cmd/diskimage/exec/exec_cmd_zfs.go:422.57,423.34 1 0
github.com/go-diskimages/diskimage/cmd/diskimage/exec/exec_cmd_zfs.go:423.34,425.6 1 0
github.com/go-diskimages/diskimage/cmd/diskimage/exec/exec_cmd_zfs.go:428.3,428.12 1 0
github.com/go-diskimages/diskimage/cmd/diskimage/exec/exec_cmd_zfs.go:430.2,430.20 1 0
github.com/go-diskimages/diskimage/cmd/diskimage/exec/exec_cmd_zfs.go:430.20,432.3 1 0
github.com/go-diskimages/diskimage/cmd/diskimage/exec/exec_cmd_zfs.go:434.2,434.38 1 0
github.com/go-diskimages/diskimage/cmd/diskimage/exec/exec_cmd_zfs.go:434.38,436.3 1 0
github.com/go-diskimages/diskimage/cmd/diskimage/exec/exec_cmd_zfs.go:438.2,439.36 2 0
github.com/go-diskimages/diskimage/cmd/diskimage/exec/exec_cmd_zfs.go:439.36,441.27 2 0
github.com/go-diskimages/diskimage/cmd/diskimage/exec/exec_cmd_zfs.go:441.27,443.4 1 0
github.com/go-diskimages/diskimage/cmd/diskimage/exec/exec_cmd_zfs.go:444.3,444.26 1 0
github.com/go-diskimages/diskimage/cmd/diskimage/exec/exec_cmd_zfs.go:445.8,447.3 1 0
github.com/go-diskimages/diskimage/cmd/diskimage/exec/exec_cmd_zfs.go:449.2,450.17 2 0
github.com/go-diskimages/diskimage/cmd/diskimage/exec/exec_cmd_zfs.go:450.17,452.3 1 0
github.com/go-diskimages/diskimage/cmd/diskimage/exec/exec_cmd_zfs.go:453.2,454.26 2 0
github.com/go-diskimages/diskimage/cmd/diskimage/exec/exec_cmd_zfs.go:454.26,456.41 2 0
github.com/go-diskimages/diskimage/cmd/diskimage/exec/exec_cmd_zfs.go:456.41,457.12 1 0
github.com/go-diskimages/diskimage/cmd/diskimage/exec/exec_cmd_zfs.go:459.3,459.46 1 0
github.com/go-diskimages/diskimage/cmd/diskimage/exec/exec_cmd_zfs.go:459.46,461.4 1 0
github.com/go-diskimages/diskimage/cmd/diskimage/exec/exec_cmd_zfs.go:464.2,465.12 2 0
github.com/go-diskimages/diskimage/cmd/diskimage/exec/exec_cmd_zfs_grow.go:11.86,13.16 2 0
github.com/go-diskimages/diskimage/cmd/diskimage/exec/exec_cmd_zfs_grow.go:13.16,15.3 1 0
github.com/go-diskimages/diskimage/cmd/diskimage/exec/exec_cmd_zfs_grow.go:17.2,18.16 2 0
github.com/go-diskimages/diskimage/cmd/diskimage/exec/exec_cmd_zfs_grow.go:18.16,20.3 1 0
github.com/go-diskimages/diskimage/cmd/diskimage/exec/exec_cmd_zfs_grow.go:21.2,23.45 2 0
github.com/go-diskimages/diskimage/cmd/diskimage/exec/exec_cmd_zfs_grow.go:23.45,25.3 1 0
github.com/go-diskimages/diskimage/cmd/diskimage/exec/exec_cmd_zfs_grow.go:26.2,26.14 1 0
github.com/go-diskimages/diskimage/cmd/diskimage/exec/exec_cmd_zfs_grow.go:26.14,28.3 1 0
github.com/go-diskimages/diskimage/cmd/diskimage/exec/exec_cmd_zfs_grow.go:29.2,29.12 1 0
github.com/go-diskimages/diskimage/cmd/diskimage/exec/exec_handlers.go:14.56,22.20 6 20
github.com/go-diskimages/diskimage/cmd/diskimage/exec/exec_handlers.go:22.20,24.3 1 0
github.com/go-diskimages/diskimage/cmd/diskimage/exec/exec_handlers.go:25.2,25.73 1 20
github.com/go-diskimages/diskimage/cmd/diskimage/exec/exec_handlers.go:28.119,29.17 1 20
github.com/go-diskimages/diskimage/cmd/diskimage/exec/exec_handlers.go:30.12,31.70 1 7
github.com/go-diskimages/diskimage/cmd/diskimage/exec/exec_handlers.go:32.13,33.62 1 1
github.com/go-diskimages/diskimage/cmd/diskimage/exec/exec_handlers.go:34.14,35.37 1 12
github.com/go-diskimages/diskimage/cmd/diskimage/exec/exec_handlers.go:36.15,37.49 1 0
github.com/go-diskimages/diskimage/cmd/diskimage/exec/exec_handlers.go:38.13,39.47 1 0
github.com/go-diskimages/diskimage/cmd/diskimage/exec/exec_handlers.go:40.14,41.48 1 0
github.com/go-diskimages/diskimage/cmd/diskimage/exec/exec_handlers.go:42.13,43.47 1 0
github.com/go-diskimages/diskimage/cmd/diskimage/exec/exec_handlers.go:44.15,45.49 1 0
github.com/go-diskimages/diskimage/cmd/diskimage/exec/exec_handlers.go:46.14,47.48 1 0
github.com/go-diskimages/diskimage/cmd/diskimage/exec/exec_handlers.go:48.15,49.49 1 0
github.com/go-diskimages/diskimage/cmd/diskimage/exec/exec_handlers.go:50.15,51.49 1 0
github.com/go-diskimages/diskimage/cmd/diskimage/exec/exec_handlers.go:52.14,53.37 1 0
github.com/go-diskimages/diskimage/cmd/diskimage/exec/exec_handlers.go:54.12,55.61 1 0
github.com/go-diskimages/diskimage/cmd/diskimage/exec/exec_handlers.go:56.12,57.61 1 0
github.com/go-diskimages/diskimage/cmd/diskimage/exec/exec_handlers.go:58.10,59.56 1 0
github.com/go-diskimages/diskimage/cmd/diskimage/exec/exec_handlers.go:63.86,64.42 1 0
github.com/go-diskimages/diskimage/cmd/diskimage/exec/exec_handlers.go:64.42,65.17 1 0
github.com/go-diskimages/diskimage/cmd/diskimage/exec/exec_handlers.go:65.17,67.4 1 0
github.com/go-diskimages/diskimage/cmd/diskimage/exec/exec_handlers.go:68.3,68.40 1 0
github.com/go-diskimages/diskimage/cmd/diskimage/exec/exec_handlers.go:68.40,70.4 1 0
github.com/go-diskimages/diskimage/cmd/diskimage/exec/exec_handlers.go:71.3,71.23 1 0
github.com/go-diskimages/diskimage/cmd/diskimage/exec/exec_handlers.go:71.23,72.21 1 0
github.com/go-diskimages/diskimage/cmd/diskimage/exec/exec_handlers.go:72.21,74.5 1 0
github.com/go-diskimages/diskimage/cmd/diskimage/exec/exec_handlers.go:75.4,75.75 1 0
github.com/go-diskimages/diskimage/cmd/diskimage/exec/exec_handlers.go:77.3,77.65 1 0
github.com/go-diskimages/diskimage/cmd/diskimage/exec/exec_handlers.go:79.2,79.44 1 0
github.com/go-diskimages/diskimage/cmd/diskimage/exec/exec_handlers.go:79.44,80.17 1 0
github.com/go-diskimages/diskimage/cmd/diskimage/exec/exec_handlers.go:80.17,82.4 1 0
github.com/go-diskimages/diskimage/cmd/diskimage/exec/exec_handlers.go:84.3,84.77 1 0
github.com/go-diskimages/diskimage/cmd/diskimage/exec/exec_handlers.go:84.77,86.4 1 0
github.com/go-diskimages/diskimage/cmd/diskimage/exec/exec_handlers.go:86.9,86.40 1 0
github.com/go-diskimages/diskimage/cmd/diskimage/exec/exec_handlers.go:86.40,88.4 1 0
github.com/go-diskimages/diskimage/cmd/diskimage/exec/exec_handlers.go:90.3,92.30 3 0
github.com/go-diskimages/diskimage/cmd/diskimage/exec/exec_handlers.go:92.30,93.34 1 0
github.com/go-diskimages/diskimage/cmd/diskimage/exec/exec_handlers.go:93.34,94.14 1 0
github.com/go-diskimages/diskimage/cmd/diskimage/exec/exec_handlers.go:95.20,96.18 1 0
github.com/go-diskimages/diskimage/cmd/diskimage/exec/exec_handlers.go:97.25,98.22 1 0
github.com/go-diskimages/diskimage/cmd/diskimage/exec/exec_handlers.go:100.5,100.13 1 0
github.com/go-diskimages/diskimage/cmd/diskimage/exec/exec_handlers.go:102.4,102.33 1 0
github.com/go-diskimages/diskimage/cmd/diskimage/exec/exec_handlers.go:102.33,104.29 1 0
github.com/go-diskimages/diskimage/cmd/diskimage/exec/exec_handlers.go:104.29,105.15 1 0
github.com/go-diskimages/diskimage/cmd/diskimage/exec/exec_handlers.go:106.15,107.19 1 0
github.com/go-diskimages/diskimage/cmd/diskimage/exec/exec_handlers.go:108.15,110.23 1 0
github.com/go-diskimages/diskimage/cmd/diskimage/exec/exec_handlers.go:113.5,113.13 1 0
github.com/go-diskimages/diskimage/cmd/diskimage/exec/exec_handlers.go:116.3,116.84 1 0
github.com/go-diskimages/diskimage/cmd/diskimage/exec/exec_handlers.go:118.2,118.50 1 0
github.com/go-diskimages/diskimage/cmd/diskimage/exec/exec_handlers.go:121.87,122.43 1 0
github.com/go-diskimages/diskimage/cmd/diskimage/exec/exec_handlers.go:122.43,123.17 1 0
github.com/go-diskimages/diskimage/cmd/diskimage/exec/exec_handlers.go:123.17,125.4 1 0
github.com/go-diskimages/diskimage/cmd/diskimage/exec/exec_handlers.go:126.3,126.77 1 0
github.com/go-diskimages/diskimage/cmd/diskimage/exec/exec_handlers.go:126.77,128.4 1 0
github.com/go-diskimages/diskimage/cmd/diskimage/exec/exec_handlers.go:128.9,128.39 1 0
github.com/go-diskimages/diskimage/cmd/diskimage/exec/exec_handlers.go:128.39,130.4 1 0
github.com/go-diskimages/diskimage/cmd/diskimage/exec/exec_handlers.go:131.3,131.66 1 0
github.com/go-diskimages/diskimage/cmd/diskimage/exec/exec_handlers.go:133.2,133.51 1 0
github.com/go-diskimages/diskimage/cmd/diskimage/exec/exec_handlers.go:148.87,149.19 1 0
github.com/go-diskimages/diskimage/cmd/diskimage/exec/exec_handlers.go:149.19,151.3 1 0
github.com/go-diskimages/diskimage/cmd/diskimage/exec/exec_handlers.go:152.2,152.16 1 0
github.com/go-diskimages/diskimage/cmd/diskimage/exec/exec_handlers.go:152.16,154.3 1 0
github.com/go-diskimages/diskimage/cmd/diskimage/exec/exec_handlers.go:155.2,155.17 1 0
github.com/go-diskimages/diskimage/cmd/diskimage/exec/exec_handlers.go:156.15,157.20 1 0
github.com/go-diskimages/diskimage/cmd/diskimage/exec/exec_handlers.go:157.20,159.4 1 0
github.com/go-diskimages/diskimage/cmd/diskimage/exec/exec_handlers.go:160.3,160.81 1 0
github.com/go-diskimages/diskimage/cmd/diskimage/exec/exec_handlers.go:161.15,162.20 1 0
github.com/go-diskimages/diskimage/cmd/diskimage/exec/exec_handlers.go:162.20,164.4 1 0
github.com/go-diskimages/diskimage/cmd/diskimage/exec/exec_handlers.go:165.3,165.90 1 0
github.com/go-diskimages/diskimage/cmd/diskimage/exec/exec_handlers.go:166.17,167.20 1 0
github.com/go-diskimages/diskimage/cmd/diskimage/exec/exec_handlers.go:167.20,169.4 1 0
github.com/go-diskimages/diskimage/cmd/diskimage/exec/exec_handlers.go:170.3,170.92 1 0
github.com/go-diskimages/diskimage/cmd/diskimage/exec/exec_handlers.go:171.14,172.20 1 0
github.com/go-diskimages/diskimage/cmd/diskimage/exec/exec_handlers.go:172.20,174.4 1 0
github.com/go-diskimages/diskimage/cmd/diskimage/exec/exec_handlers.go:175.3,175.80 1 0
github.com/go-diskimages/diskimage/cmd/diskimage/exec/exec_handlers.go:176.17,177.20 1 0
github.com/go-diskimages/diskimage/cmd/diskimage/exec/exec_handlers.go:177.20,179.4 1 0
github.com/go-diskimages/diskimage/cmd/diskimage/exec/exec_handlers.go:180.3,180.83 1 0
github.com/go-diskimages/diskimage/cmd/diskimage/exec/exec_handlers.go:181.18,182.20 1 0
github.com/go-diskimages/diskimage/cmd/diskimage/exec/exec_handlers.go:182.20,184.4 1 0
github.com/go-diskimages/diskimage/cmd/diskimage/exec/exec_handlers.go:185.3,185.93 1 0
github.com/go-diskimages/diskimage/cmd/diskimage/exec/exec_handlers.go:186.21,187.20 1 0
github.com/go-diskimages/diskimage/cmd/diskimage/exec/exec_handlers.go:187.20,189.4 1 0
github.com/go-diskimages/diskimage/cmd/diskimage/exec/exec_handlers.go:190.3,190.87 1 0
github.com/go-diskimages/diskimage/cmd/diskimage/exec/exec_handlers.go:191.18,192.20 1 0
github.com/go-diskimages/diskimage/cmd/diskimage/exec/exec_handlers.go:192.20,194.4 1 0
github.com/go-diskimages/diskimage/cmd/diskimage/exec/exec_handlers.go:195.3,195.84 1 0
github.com/go-diskimages/diskimage/cmd/diskimage/exec/exec_handlers.go:196.31,197.20 1 0
github.com/go-diskimages/diskimage/cmd/diskimage/exec/exec_handlers.go:197.20,199.4 1 0
[...]
github.com/go-diskimages/diskimage/detect.go:146.55,148.79 2 4
github.com/go-diskimages/diskimage/detect.go:148.79,149.80 1 5
github.com/go-diskimages/diskimage/detect.go:149.80,150.9 1 1
github.com/go-diskimages/diskimage/detect.go:152.3,153.58 1 4
github.com/go-diskimages/diskimage/detect.go:153.58,155.4 1 3
github.com/go-diskimages/diskimage/detect.go:157.2,157.14 1 1
github.com/go-diskimages/diskimage/detect.go:172.66,174.2 1 0
github.com/go-diskimages/diskimage/detect.go:180.65,183.81 2 10
github.com/go-diskimages/diskimage/detect.go:183.81,185.3 1 0
github.com/go-diskimages/diskimage/detect.go:187.2,189.40 2 10
github.com/go-diskimages/diskimage/detect.go:189.40,193.28 2 2
github.com/go-diskimages/diskimage/detect.go:193.28,195.4 1 0
github.com/go-diskimages/diskimage/detect.go:199.2,199.15 1 10
github.com/go-diskimages/diskimage/detect.go:202.64,204.46 2 1
github.com/go-diskimages/diskimage/detect.go:204.46,206.3 1 0
github.com/go-diskimages/diskimage/detect.go:207.2,210.21 4 1
github.com/go-diskimages/diskimage/detect.go:210.21,212.3 1 0
github.com/go-diskimages/diskimage/detect.go:213.2,215.40 3 1
github.com/go-diskimages/diskimage/detect.go:215.40,216.78 1 1
github.com/go-diskimages/diskimage/detect.go:216.78,217.9 1 0
github.com/go-diskimages/diskimage/detect.go:219.3,221.31 3 1
github.com/go-diskimages/diskimage/detect.go:221.31,222.12 1 0
github.com/go-diskimages/diskimage/detect.go:224.3,224.26 1 1
github.com/go-diskimages/diskimage/detect.go:224.26,227.4 2 1
github.com/go-diskimages/diskimage/detect.go:229.2,229.69 1 0
github.com/go-diskimages/diskimage/detect.go:232.64,234.48 2 3
github.com/go-diskimages/diskimage/detect.go:234.48,236.3 1 0
github.com/go-diskimages/diskimage/detect.go:237.2,237.25 1 3
github.com/go-diskimages/diskimage/detect.go:237.25,240.20 3 10
github.com/go-diskimages/diskimage/detect.go:240.20,241.12 1 9
github.com/go-diskimages/diskimage/detect.go:243.3,243.21 1 1
github.com/go-diskimages/diskimage/detect.go:243.21,245.4 1 1
github.com/go-diskimages/diskimage/detect.go:247.2,247.69 1 2
github.com/go-diskimages/diskimage/dmg_block_device.go:31.59,33.16 2 3
github.com/go-diskimages/diskimage/dmg_block_device.go:33.16,35.3 1 0
github.com/go-diskimages/diskimage/dmg_block_device.go:36.2,36.23 1 3
github.com/go-diskimages/diskimage/dmg_block_device.go:36.23,38.3 1 1
github.com/go-diskimages/diskimage/dmg_block_device.go:40.2,41.16 2 2
github.com/go-diskimages/diskimage/dmg_block_device.go:41.16,43.3 1 0
github.com/go-diskimages/diskimage/dmg_block_device.go:44.2,45.16 2 2
github.com/go-diskimages/diskimage/dmg_block_device.go:45.16,48.3 2 0
github.com/go-diskimages/diskimage/dmg_block_device.go:49.2,49.36 1 2
github.com/go-diskimages/diskimage/dmg_block_device.go:49.36,52.3 2 0
github.com/go-diskimages/diskimage/dmg_block_device.go:54.2,56.54 3 2
github.com/go-diskimages/diskimage/dmg_block_device.go:56.54,59.3 2 0
github.com/go-diskimages/diskimage/dmg_block_device.go:60.2,60.59 1 2
github.com/go-diskimages/diskimage/dmg_block_device.go:60.59,63.3 2 0
github.com/go-diskimages/diskimage/dmg_block_device.go:65.2,71.25 4 2
github.com/go-diskimages/diskimage/dmg_block_device.go:71.25,74.3 2 0
github.com/go-diskimages/diskimage/dmg_block_device.go:75.2,75.49 1 2
github.com/go-diskimages/diskimage/dmg_block_device.go:75.49,78.3 2 0
github.com/go-diskimages/diskimage/dmg_block_device.go:80.2,85.8 1 2
github.com/go-diskimages/diskimage/dmg_block_device.go:106.68,107.40 1 9
github.com/go-diskimages/diskimage/dmg_block_device.go:107.40,109.3 1 0
github.com/go-diskimages/diskimage/dmg_block_device.go:112.2,112.56 1 9
github.com/go-diskimages/diskimage/dmg_block_device.go:112.56,114.3 1 0
github.com/go-diskimages/diskimage/dmg_block_device.go:115.2,115.27 1 9
github.com/go-diskimages/diskimage/dmg_block_device.go:118.69,119.13 1 1
github.com/go-diskimages/diskimage/dmg_block_device.go:119.13,121.3 1 0
github.com/go-diskimages/diskimage/dmg_block_device.go:122.2,122.42 1 1
github.com/go-diskimages/diskimage/dmg_block_device.go:122.42,124.3 1 0
github.com/go-diskimages/diskimage/dmg_block_device.go:125.2,126.11 2 1
github.com/go-diskimages/diskimage/dmg_block_device.go:126.11,128.3 1 1
github.com/go-diskimages/diskimage/dmg_block_device.go:129.2,129.15 1 1
github.com/go-diskimages/diskimage/dmg_block_device.go:132.40,132.67 1 2
github.com/go-diskimages/diskimage/dmg_block_device.go:136.40,136.61 1 1
github.com/go-diskimages/diskimage/dmg_block_device.go:145.41,146.13 1 2
github.com/go-diskimages/diskimage/dmg_block_device.go:146.13,147.46 1 1
github.com/go-diskimages/diskimage/dmg_block_device.go:147.46,150.4 2 0
github.com/go-diskimages/diskimage/dmg_block_device.go:151.3,151.36 1 1
github.com/go-diskimages/diskimage/dmg_block_device.go:151.36,154.4 2 0
github.com/go-diskimages/diskimage/dmg_block_device.go:156.2,156.20 1 2
github.com/go-diskimages/diskimage/dmg_block_device.go:159.52,164.29 5 1
github.com/go-diskimages/diskimage/dmg_block_device.go:164.29,166.48 2 16
github.com/go-diskimages/diskimage/dmg_block_device.go:166.48,168.4 1 0
github.com/go-diskimages/diskimage/dmg_block_device.go:169.3,170.34 2 16
github.com/go-diskimages/diskimage/dmg_block_device.go:170.34,172.4 1 0
github.com/go-diskimages/diskimage/dmg_block_device.go:173.3,175.22 3 16
github.com/go-diskimages/diskimage/dmg_block_device.go:175.22,177.4 1 0
github.com/go-diskimages/diskimage/dmg_block_device.go:179.2,185.64 4 1
github.com/go-diskimages/diskimage/dmg_block_device.go:185.64,187.3 1 0
github.com/go-diskimages/diskimage/dmg_block_device.go:188.2,188.12 1 1
github.com/go-diskimages/diskimage/dmg_ops.go:13.55,14.16 1 2
github.com/go-diskimages/diskimage/dmg_ops.go:14.16,16.3 1 0
github.com/go-diskimages/diskimage/dmg_ops.go:17.2,17.59 1 2
github.com/go-diskimages/diskimage/dmg_ops.go:17.59,19.3 1 0
github.com/go-diskimages/diskimage/dmg_ops.go:20.2,22.71 3 2
github.com/go-diskimages/diskimage/dmg_ops.go:22.71,24.3 1 0
github.com/go-diskimages/diskimage/dmg_ops.go:25.2,25.49 1 2
github.com/go-diskimages/diskimage/dmg_ops.go:25.49,28.3 2 0
github.com/go-diskimages/diskimage/dmg_ops.go:29.2,29.12 1 2
github.com/go-diskimages/diskimage/dmg_ops.go:36.57,37.16 1 1
github.com/go-diskimages/diskimage/dmg_ops.go:37.16,39.3 1 0
github.com/go-diskimages/diskimage/dmg_ops.go:40.2,40.23 1 1
github.com/go-diskimages/diskimage/dmg_ops.go:40.23,42.3 1 0
github.com/go-diskimages/diskimage/dmg_ops.go:43.2,43.59 1 1
github.com/go-diskimages/diskimage/dmg_ops.go:43.59,44.18 1 1
github.com/go-diskimages/diskimage/dmg_ops.go:44.18,46.4 1 0
github.com/go-diskimages/diskimage/dmg_ops.go:47.3,47.49 1 1
github.com/go-diskimages/diskimage/dmg_ops.go:50.2,50.33 1 0
github.com/go-diskimages/diskimage/fileops.go:43.36,45.77 2 0
github.com/go-diskimages/diskimage/fileops.go:45.77,46.17 1 0
github.com/go-diskimages/diskimage/fileops.go:46.17,48.4 1 0
github.com/go-diskimages/diskimage/fileops.go:49.3,49.17 1 0
github.com/go-diskimages/diskimage/fileops.go:51.2,52.12 2 0
github.com/go-diskimages/diskimage/fileops.go:56.121,57.38 1 28
github.com/go-diskimages/diskimage/fileops.go:57.38,59.17 2 1
github.com/go-diskimages/diskimage/fileops.go:59.17,61.4 1 1
github.com/go-diskimages/diskimage/fileops.go:62.3,62.20 1 0
github.com/go-diskimages/diskimage/fileops.go:68.2,68.32 1 27
github.com/go-diskimages/diskimage/fileops.go:68.32,70.17 2 0
github.com/go-diskimages/diskimage/fileops.go:70.17,72.4 1 0
github.com/go-diskimages/diskimage/fileops.go:74.3,74.64 1 0
github.com/go-diskimages/diskimage/fileops.go:74.64,76.4 1 0
github.com/go-diskimages/diskimage/fileops.go:78.3,78.17 1 0
github.com/go-diskimages/diskimage/fileops.go:79.15,81.18 2 0
github.com/go-diskimages/diskimage/fileops.go:81.18,83.5 1 0
github.com/go-diskimages/diskimage/fileops.go:84.4,84.24 1 0
github.com/go-diskimages/diskimage/fileops.go:85.16,87.18 2 0
github.com/go-diskimages/diskimage/fileops.go:87.18,89.5 1 0
github.com/go-diskimages/diskimage/fileops.go:90.4,90.24 1 0
github.com/go-diskimages/diskimage/fileops.go:91.16,93.18 2 0
github.com/go-diskimages/diskimage/fileops.go:93.18,95.5 1 0
github.com/go-diskimages/diskimage/fileops.go:96.4,96.24 1 0
github.com/go-diskimages/diskimage/fileops.go:97.16,99.18 2 0
github.com/go-diskimages/diskimage/fileops.go:99.18,101.5 1 0
github.com/go-diskimages/diskimage/fileops.go:102.4,102.24 1 0
github.com/go-diskimages/diskimage/fileops.go:103.15,105.18 2 0
github.com/go-diskimages/diskimage/fileops.go:105.18,107.5 1 0
github.com/go-diskimages/diskimage/fileops.go:108.4,108.24 1 0
github.com/go-diskimages/diskimage/fileops.go:110.15,113.27 3 0
github.com/go-diskimages/diskimage/fileops.go:113.27,115.5 1 0
github.com/go-diskimages/diskimage/fileops.go:115.10,117.5 1 0
github.com/go-diskimages/diskimage/fileops.go:118.4,118.18 1 0
github.com/go-diskimages/diskimage/fileops.go:118.18,120.5 1 0
github.com/go-diskimages/diskimage/fileops.go:121.4,121.24 1 0
github.com/go-diskimages/diskimage/fileops.go:122.11,123.63 1 0
github.com/go-diskimages/diskimage/fileops.go:127.2,127.16 1 27
github.com/go-diskimages/diskimage/fileops.go:128.14,129.52 1 12
github.com/go-diskimages/diskimage/fileops.go:130.15,131.53 1 2
github.com/go-diskimages/diskimage/fileops.go:132.15,133.53 1 2
github.com/go-diskimages/diskimage/fileops.go:134.13,135.51 1 2
github.com/go-diskimages/diskimage/fileops.go:136.13,137.51 1 2
github.com/go-diskimages/diskimage/fileops.go:138.15,139.53 1 2
github.com/go-diskimages/diskimage/fileops.go:140.14,141.52 1 2
github.com/go-diskimages/diskimage/fileops.go:142.14,143.26 1 2
github.com/go-diskimages/diskimage/fileops.go:143.26,145.4 1 0
github.com/go-diskimages/diskimage/fileops.go:146.3,146.52 1 2
github.com/go-diskimages/diskimage/fileops.go:147.10,148.62 1 1
github.com/go-diskimages/diskimage/fileops.go:153.49,154.21 1 5
github.com/go-diskimages/diskimage/fileops.go:154.21,156.3 1 2
github.com/go-diskimages/diskimage/fileops.go:157.2,158.16 2 3
github.com/go-diskimages/diskimage/fileops.go:158.16,160.3 1 0
github.com/go-diskimages/diskimage/fileops.go:161.2,162.35 2 3
github.com/go-diskimages/diskimage/fileops.go:167.71,168.21 1 5
github.com/go-diskimages/diskimage/fileops.go:168.21,170.3 1 1
github.com/go-diskimages/diskimage/fileops.go:171.2,172.16 2 4
github.com/go-diskimages/diskimage/fileops.go:172.16,174.3 1 0
github.com/go-diskimages/diskimage/fileops.go:175.2,177.64 2 4
github.com/go-diskimages/diskimage/fileops.go:177.64,179.3 1 3
github.com/go-diskimages/diskimage/fileops.go:182.2,182.60 1 1
github.com/go-diskimages/diskimage/fileops.go:182.60,184.3 1 0
github.com/go-diskimages/diskimage/fileops.go:185.2,185.64 1 1
github.com/go-diskimages/diskimage/fileops.go:185.64,187.3 1 0
github.com/go-diskimages/diskimage/fileops.go:188.2,188.12 1 1
github.com/go-diskimages/diskimage/fileops.go:192.72,194.43 2 7
github.com/go-diskimages/diskimage/fileops.go:194.43,196.3 1 1
github.com/go-diskimages/diskimage/fileops.go:197.2,199.26 3 6
github.com/go-diskimages/diskimage/fileops.go:199.26,201.41 2 13
github.com/go-diskimages/diskimage/fileops.go:201.41,202.12 1 0
github.com/go-diskimages/diskimage/fileops.go:204.3,204.46 1 13
github.com/go-diskimages/diskimage/fileops.go:204.46,206.44 1 3
github.com/go-diskimages/diskimage/fileops.go:206.44,207.13 1 1
github.com/go-diskimages/diskimage/fileops.go:209.4,209.14 1 2
github.com/go-diskimages/diskimage/fileops.go:212.2,212.12 1 4
github.com/go-diskimages/diskimage/fileops.go:216.54,217.21 1 3
github.com/go-diskimages/diskimage/fileops.go:217.21,219.3 1 2
github.com/go-diskimages/diskimage/fileops.go:220.2,221.16 2 1
github.com/go-diskimages/diskimage/fileops.go:221.16,223.3 1 0
github.com/go-diskimages/diskimage/fileops.go:224.2,225.38 2 1
github.com/go-diskimages/diskimage/fileops.go:229.41,230.21 1 3
github.com/go-diskimages/diskimage/fileops.go:230.21,232.3 1 2
github.com/go-diskimages/diskimage/fileops.go:233.2,234.16 2 1
github.com/go-diskimages/diskimage/fileops.go:234.16,236.3 1 0
github.com/go-diskimages/diskimage/fileops.go:237.2,238.37 2 1
github.com/go-diskimages/diskimage/fileops.go:242.40,243.21 1 3
github.com/go-diskimages/diskimage/fileops.go:243.21,245.3 1 2
github.com/go-diskimages/diskimage/fileops.go:246.2,247.16 2 1
github.com/go-diskimages/diskimage/fileops.go:247.16,249.3 1 0
github.com/go-diskimages/diskimage/fileops.go:250.2,251.36 2 1
github.com/go-diskimages/diskimage/fileops.go:255.53,256.21 1 3
github.com/go-diskimages/diskimage/fileops.go:256.21,258.3 1 2
github.com/go-diskimages/diskimage/fileops.go:259.2,260.16 2 1
github.com/go-diskimages/diskimage/fileops.go:260.16,262.3 1 0
github.com/go-diskimages/diskimage/fileops.go:263.2,264.42 2 1
github.com/go-diskimages/diskimage/fileops.go:268.54,269.21 1 3
github.com/go-diskimages/diskimage/fileops.go:269.21,271.3 1 2
github.com/go-diskimages/diskimage/fileops.go:272.2,273.16 2 1
github.com/go-diskimages/diskimage/fileops.go:273.16,275.3 1 0
github.com/go-diskimages/diskimage/fileops.go:276.2,277.31 2 1
github.com/go-diskimages/diskimage/grow.go:10.47,11.16 1 2
github.com/go-diskimages/diskimage/grow.go:11.16,13.3 1 0
github.com/go-diskimages/diskimage/grow.go:14.2,14.20 1 2
github.com/go-diskimages/diskimage/grow.go:14.20,16.3 1 0
github.com/go-diskimages/diskimage/grow.go:17.2,18.16 2 2
github.com/go-diskimages/diskimage/grow.go:18.16,20.3 1 0
github.com/go-diskimages/diskimage/grow.go:21.2,22.46 2 2
github.com/go-diskimages/diskimage/grow.go:22.46,24.3 1 0
github.com/go-diskimages/diskimage/grow.go:25.2,25.12 1 2
github.com/go-diskimages/diskimage/label.go:27.72,29.16 2 5
github.com/go-diskimages/diskimage/label.go:29.16,31.3 1 0
github.com/go-diskimages/diskimage/label.go:32.2,35.16 3 5
github.com/go-diskimages/diskimage/label.go:35.16,37.3 1 0
github.com/go-diskimages/diskimage/label.go:38.2,41.9 3 5
github.com/go-diskimages/diskimage/label.go:41.9,43.3 1 0
github.com/go-diskimages/diskimage/label.go:44.2,44.49 1 5
github.com/go-diskimages/diskimage/label.go:44.49,46.3 1 1
github.com/go-diskimages/diskimage/label.go:47.2,47.12 1 4
github.com/go-diskimages/diskimage/label.go:54.65,56.16 2 3
github.com/go-diskimages/diskimage/label.go:56.16,58.3 1 0
github.com/go-diskimages/diskimage/label.go:59.2,61.16 3 3
github.com/go-diskimages/diskimage/label.go:61.16,63.3 1 0
github.com/go-diskimages/diskimage/label.go:64.2,66.9 3 3
github.com/go-diskimages/diskimage/label.go:66.9,68.3 1 0
github.com/go-diskimages/diskimage/label.go:69.2,69.30 1 3
github.com/go-diskimages/diskimage/label.go:89.64,89.95 1 36
github.com/go-diskimages/diskimage/label.go:90.64,90.96 1 4
github.com/go-diskimages/diskimage/label.go:92.35,93.52 1 4
github.com/go-diskimages/diskimage/label.go:93.52,95.3 1 4
github.com/go-diskimages/diskimage/label.go:96.2,96.12 1 0
github.com/go-diskimages/diskimage/label.go:99.44,99.72 1 8
github.com/go-diskimages/diskimage/label.go:100.49,102.2 1 0
github.com/go-diskimages/diskimage/label.go:103.36,103.50 1 8
github.com/go-diskimages/diskimage/list.go:53.50,54.24 1 10
github.com/go-diskimages/diskimage/list.go:54.24,56.3 1 1
github.com/go-diskimages/diskimage/list.go:57.2,57.56 1 10
github.com/go-diskimages/diskimage/list.go:57.56,59.17 2 1
github.com/go-diskimages/diskimage/list.go:59.17,61.4 1 0
github.com/go-diskimages/diskimage/list.go:62.3,62.29 1 1
github.com/go-diskimages/diskimage/list.go:65.2,68.25 3 10
github.com/go-diskimages/diskimage/list.go:69.14,70.61 1 3
github.com/go-diskimages/diskimage/list.go:71.15,72.62 1 1
github.com/go-diskimages/diskimage/list.go:73.15,74.62 1 1
github.com/go-diskimages/diskimage/list.go:75.13,76.60 1 1
github.com/go-diskimages/diskimage/list.go:77.13,78.60 1 1
github.com/go-diskimages/diskimage/list.go:79.15,80.62 1 1
github.com/go-diskimages/diskimage/list.go:81.14,82.61 1 1
github.com/go-diskimages/diskimage/list.go:83.14,84.31 1 0
github.com/go-diskimages/diskimage/list.go:84.31,86.4 1 0
github.com/go-diskimages/diskimage/list.go:86.9,88.4 1 0
github.com/go-diskimages/diskimage/list.go:89.10,90.71 1 1
github.com/go-diskimages/diskimage/list.go:92.2,92.16 1 9
github.com/go-diskimages/diskimage/list.go:92.16,94.3 1 0
github.com/go-diskimages/diskimage/list.go:95.2,98.16 3 9
github.com/go-diskimages/diskimage/list.go:98.16,100.3 1 0
github.com/go-diskimages/diskimage/list.go:101.2,102.24 2 9
github.com/go-diskimages/diskimage/list.go:102.24,104.21 2 2
github.com/go-diskimages/diskimage/list.go:104.21,105.74 1 1
github.com/go-diskimages/diskimage/list.go:105.74,109.5 3 1
github.com/go-diskimages/diskimage/list.go:112.2,112.21 1 9
github.com/go-diskimages/diskimage/luks_device.go:37.56,38.35 1 13
github.com/go-diskimages/diskimage/luks_device.go:38.35,40.17 2 2
github.com/go-diskimages/diskimage/luks_device.go:40.17,42.4 1 1
github.com/go-diskimages/diskimage/luks_device.go:43.3,43.42 1 1
github.com/go-diskimages/diskimage/luks_device.go:45.2,45.27 1 11
github.com/go-diskimages/diskimage/luks_device.go:45.27,47.3 1 3
github.com/go-diskimages/diskimage/luks_device.go:48.2,49.16 2 8
github.com/go-diskimages/diskimage/luks_device.go:49.16,51.3 1 1
github.com/go-diskimages/diskimage/luks_device.go:52.2,52.34 1 7
github.com/go-diskimages/diskimage/luks_device.go:65.79,66.35 1 7
github.com/go-diskimages/diskimage/luks_device.go:66.35,68.17 2 3
github.com/go-diskimages/diskimage/luks_device.go:68.17,70.4 1 1
github.com/go-diskimages/diskimage/luks_device.go:71.3,72.17 2 2
github.com/go-diskimages/diskimage/luks_device.go:72.17,75.4 2 1
github.com/go-diskimages/diskimage/luks_device.go:76.3,76.18 1 1
github.com/go-diskimages/diskimage/luks_device.go:78.2,79.16 2 4
github.com/go-diskimages/diskimage/luks_device.go:79.16,81.3 1 2
github.com/go-diskimages/diskimage/luks_device.go:82.2,82.17 1 2
github.com/go-diskimages/diskimage/luks_device.go:90.66,90.95 1 28
github.com/go-diskimages/diskimage/luks_device.go:91.67,93.2 1 4
github.com/go-diskimages/diskimage/luks_device.go:94.38,96.16 2 9
github.com/go-diskimages/diskimage/luks_device.go:96.16,98.3 1 1
github.com/go-diskimages/diskimage/luks_device.go:99.2,99.18 1 8
github.com/go-diskimages/diskimage/luks_device.go:101.39,101.61 1 8
github.com/go-diskimages/diskimage/luks_device.go:106.38,106.59 1 3
github.com/go-diskimages/diskimage/luks_device.go:113.69,113.100 1 1
github.com/go-diskimages/diskimage/luks_device.go:114.70,116.2 1 1
github.com/go-diskimages/diskimage/luks_device.go:117.41,120.2 2 2
github.com/go-diskimages/diskimage/luks_device.go:121.42,121.66 1 2
github.com/go-diskimages/diskimage/luks_device.go:126.41,126.64 1 0
github.com/go-diskimages/diskimage/partitions.go:21.66,25.42 3 15
github.com/go-diskimages/diskimage/partitions.go:25.42,27.3 1 0
github.com/go-diskimages/diskimage/partitions.go:28.2,52.16 17 15
github.com/go-diskimages/diskimage/partitions.go:52.16,54.3 1 0
github.com/go-diskimages/diskimage/partitions.go:55.2,56.45 2 15
github.com/go-diskimages/diskimage/partitions.go:56.45,58.3 1 0
github.com/go-diskimages/diskimage/partitions.go:59.2,59.12 1 15
github.com/go-diskimages/diskimage/partitions.go:65.74,99.29 16 10
github.com/go-diskimages/diskimage/partitions.go:99.29,101.18 2 100
github.com/go-diskimages/diskimage/partitions.go:101.18,102.9 1 0
github.com/go-diskimages/diskimage/partitions.go:104.3,105.26 2 100
github.com/go-diskimages/diskimage/partitions.go:108.2,111.73 2 10
github.com/go-diskimages/diskimage/partitions.go:111.73,131.3 16 20
github.com/go-diskimages/diskimage/partitions.go:133.2,146.21 12 10
github.com/go-diskimages/diskimage/partitions.go:146.21,148.3 1 0
github.com/go-diskimages/diskimage/partitions.go:149.2,155.16 5 10
github.com/go-diskimages/diskimage/partitions.go:155.16,157.3 1 0
github.com/go-diskimages/diskimage/partitions.go:158.2,171.27 4 10
github.com/go-diskimages/diskimage/partitions.go:171.27,172.56 1 50
github.com/go-diskimages/diskimage/partitions.go:172.56,174.4 1 0
github.com/go-diskimages/diskimage/partitions.go:176.2,176.12 1 10
github.com/go-diskimages/diskimage/partitions.go:181.28,196.2 9 21
github.com/go-diskimages/diskimage/uefi.go:26.79,28.2 1 2
